
<!DOCTYPE html>
<html>
<head>
<!--
ExtentReports Library 2.40.2 | http://relevantcodes.com/extentreports-for-selenium/ | https://github.com/anshooarora/
Copyright (c) 2015, Anshoo Arora (Relevant Codes) | Copyrights licensed under the New BSD License | http://opensource.org/licenses/BSD-3-Clause
Documentation: http://extentreports.relevantcodes.com 
-->

<meta charset='UTF-8' /> 
<meta name='description' content='ExtentReports (by Anshoo Arora) is a reporting library for automation testing for .NET and Java. It creates detailed and beautiful HTML reports for modern browsers. ExtentReports shows test and step summary along with dashboards, system and environment details for quick analysis of your tests.' />
<meta name='robots' content='noodp, noydir' />
<meta name='viewport' content='width=device-width, initial-scale=1' />

<title>
ExtentReports 2.0
</title>


<link href='https://fonts.googleapis.com/css?family=Source+Sans+Pro:400,600' rel='stylesheet' type='text/css'>
<link href='https://cdn.rawgit.com/anshooarora/extentreports/e4f8ea1de961161791c01b99a71a1e17f81125cf/cdn/extent.css' type='text/css' rel='stylesheet' />

<style>

            
                
            
        
</style>
</head>


<body class='extent standard hide-overflow'>
<!-- nav -->
<nav>
<div class='logo-container'>
<a class='logo-content' href='http://extentreports.relevantcodes.com'>
<span>ExtentReports</span>
</a>
<a href='#' data-activates='slide-out' class='button-collapse hide-on-large-only'><i class='mdi-navigation-apps'></i></a>
</div>
<ul id='slide-out' class='side-nav fixed hide-on-med-and-down'>
<li class='analysis waves-effect active'><a href='#!' class='test-view' onclick="_updateCurrentStage(0)"><i class='mdi-action-dashboard'></i>Test Details</a></li>
<li class='analysis waves-effect'><a href='#!' class='dashboard-view'><i class='mdi-action-track-changes'></i></i>Analysis</a></li>
</ul>
<span class='report-name'>Automation Report</span> <span class='report-headline'></span>
<ul class='right hide-on-med-and-down nav-right'>
<li class='theme-selector' alt='Click to toggle dark theme. To enable by default, use js configuration $("body").addClass("dark");' title='Click to toggle dark theme. To enable by default, use js configuration $("body").addClass("dark");'>
<i class='mdi-hardware-desktop-windows'></i>
</li>
<li>
<span class='suite-started-time'>2017-05-31 17:57:15</span>
</li>
<li>
<span>v2.40.2</span>
</li>
</ul>
</nav>
<!-- /nav -->

<!-- container -->
<div class='container'>

<!-- dashboard -->
<div id='dashboard-view' class='row'>
<div class='time-totals'>
<div class='col l2 m4 s6'>
<div class='card suite-total-tests'> 
<span class='panel-name'>Total Tests</span> 
<span class='total-tests'> <span class='panel-lead'></span> </span> 
</div> 
</div>
<div class='col l2 m4 s6'>
<div class='card suite-total-steps'> 
<span class='panel-name'>Total Steps</span> 
<span class='total-steps'> <span class='panel-lead'></span> </span> 
</div> 
</div>
<div class='col l2 m4 s12'>
<div class='card suite-total-time-current'> 
<span class='panel-name'>Total Time Taken (Current Run)</span> 
<span class='suite-total-time-current-value panel-lead'>6h 10m 27s+425ms</span> 
</div> 
</div>
<div class='col l2 m4 s12'>
<div class='card suite-total-time-overall'> 
<span class='panel-name'>Total Time Taken (Overall)</span> 
<span class='suite-total-time-overall-value panel-lead'>-198h -11902m -714173s+-445ms</span> 
</div> 
</div>
<div class='col l2 m4 s6 suite-start-time'>
<div class='card accent green-accent'> 
<span class='panel-name'>Start</span> 
<span class='panel-lead suite-started-time'>2017-05-31 11:46:48</span> 
</div> 
</div>
<div class='col l2 m4 s6 suite-end-time'>
<div class='card accent pink-accent'> 
<span class='panel-name'>End</span> 
<span class='panel-lead suite-ended-time'>2017-05-31 17:57:15</span> 
</div> 
</div>
</div>
<div class='charts'>
<div class='col s12 m6 l4 fh'> 
<div class='card-panel'> 
<div>
<span class='panel-name'>Tests View</span>
</div> 
<div class='panel-setting modal-trigger test-count-setting right'>
<a href='#test-count-setting'><i class='mdi-navigation-more-vert text-md'></i></a>
</div> 
<div class='chart-box'>
<canvas class='text-centered' id='test-analysis'></canvas>
</div> 
<div>
<span class='weight-light'><span class='t-pass-count weight-normal'></span> test(s) passed</span>
</div> 
<div>
<span class='weight-light'><span class='t-fail-count weight-normal'></span> test(s) failed, <span class='t-others-count weight-normal'></span> others</span>
</div> 
</div> 
</div> 
<div class='col s12 m6 l4 fh'> 
<div class='card-panel'> 
<div>
<span class='panel-name'>Steps View</span>
</div> 
<div class='panel-setting modal-trigger step-status-filter right'>
<a href='#step-status-filter'><i class='mdi-navigation-more-vert text-md'></i></a>
</div> 
<div class='chart-box'>
<canvas class='text-centered' id='step-analysis'></canvas>
</div> 
<div>
<span class='weight-light'><span class='s-pass-count weight-normal'></span> step(s) passed </span>
</div> 
<div>
<span class='weight-light'><span class='s-fail-count weight-normal'></span> step(s) failed, <span class='s-others-count weight-normal'></span> others</span>
</div> 
</div> 
</div>
<div class='col s12 m12 l4 fh'> 
<div class='card-panel'> 
<span class='panel-name'>Pass Percentage</span> 
<span class='pass-percentage panel-lead'></span> 
<div class='progress light-blue lighten-3'> 
<div class='determinate light-blue'></div> 
</div> 
</div> 
</div>
</div>
<div class='system-view'>
<div class='col l4 m12 s12'>
<div class='card-panel'>
<span class='label info outline right'>Environment</span>
<table>
<thead>
<tr>
<th>Param</th>
<th>Value</th>
</tr>
</thead>
<tbody>
<tr>
<td>OS</td>
<td>Windows 10</td>
</tr>
<tr>
<td>User Name</td>
<td>pratik.sidam</td>
</tr>
<tr>
<td>Java Version</td>
<td>1.8.0_131</td>
</tr>
<tr>
<td>Host Name</td>
<td>PratikS</td>
</tr>
</tbody>
</table>
</div>
</div>
</div>
</div>
<!-- /dashboard -->

<!-- tests -->
<div id='test-view' class='row _addedTable'>
<div class='col _addedCell1'>
<div class='contents'>
<div class='card-panel heading'>
<h5>Tests</h5>
</div>
<div class='card-panel filters'>
<div>
<a data-activates='tests-toggle' data-constrainwidth='true' data-beloworigin='true' data-hover='true' href='#' class='dropdown-button button tests-toggle'><i class='mdi-action-subject icon'></i></a>
<ul id='tests-toggle' class='dropdown-content'>
<li class='pass'><a href='#!'>Pass</a></li>
<li class='fail'><a href='#!'>Fail</a></li>
<li class='error'><a href='#!'>Error</a></li>
<li class='skip'><a href='#!'>Skip</a></li>
<li class='divider'></li>
<li class='clear'><a href='#!'>Clear Filters</a></li>
</ul>
</div>
<div>
<a id='clear-filters' alt='Clear Filters' title='Clear Filters'><i class='mdi-navigation-close icon'></i></a>
</div>
<div>&nbsp;&middot;&nbsp;</div>
<div>
<a id='enableDashboard' alt='Enable Dashboard' title='Enable Dashboard'><i class='mdi-action-track-changes icon'></i></a>
</div>
<div>
<a id='refreshCharts' alt='Refresh Charts on Filters' title='Refresh Charts on Filters' class='enabled'><i class='mdi-navigation-refresh icon'></i></i></a>
</div>
<div>&nbsp;&middot;</div>
<div class='search' alt='Search Tests' title='Search Tests'>
<div class='input-field left'>
<input id='searchTests' type='text' class='validate' placeholder='Search Tests...'>
</div>
<i class='mdi-action-search icon'></i>
</div>
</div>
<div class='card-panel no-padding-h no-padding-v no-margin-v'>
<div class='wrapper'>
<ul id='test-collection' class='test-collection'>
<li class='collection-item test displayed active pass ' extentid='4c473719-a2d5-427d-9db2-cb9ec5771268'>
<div class='test-head'>
<span class='test-name'>searchValidData </span>
<span class='test-status label right outline capitalize pass'>pass</span>
<span class='category-assigned hide '></span>
</div>
<div class='test-body'>
<div class='test-info'>
<span title='Test started time' alt='Test started time' class='test-started-time label green lighten-1 text-white'>2017-05-31 11:46:48</span>
<span title='Test ended time' alt='Test ended time' class='test-ended-time label red lighten-1 text-white'>2017-05-31 11:46:56</span>
<span title='Time taken to finish' alt='Time taken to finish' class='test-time-taken label blue-grey lighten-3 text-white'>0h 0m 8s+0ms</span>
</div>
<div class='test-desc'></div>
<div class='test-attributes'>
</div>
<div class='test-steps'>
<table class='bordered table-results'>
<thead>
<tr>
<th>Status</th>
<th>Timestamp</th>
<th>Details</th>
</tr>
</thead>
<tbody>
<tr>
<td class='status pass' title='pass' alt='pass'><i class='mdi-action-check-circle'></i></td>
<td class='timestamp'>11:46:55</td>
<td class='step-details'>searchValidData test is passed</td>
</tr>
</tbody>
</table>
<ul class='collapsible node-list' data-collapsible='accordion'>
</ul>
</div>
</div>
</li>
<li class='collection-item test displayed active pass ' extentid='88e6ced5-cf70-44bd-8d9c-446484ffefe7'>
<div class='test-head'>
<span class='test-name'>getYourCopy </span>
<span class='test-status label right outline capitalize pass'>pass</span>
<span class='category-assigned hide '></span>
</div>
<div class='test-body'>
<div class='test-info'>
<span title='Test started time' alt='Test started time' class='test-started-time label green lighten-1 text-white'>2017-05-31 12:15:37</span>
<span title='Test ended time' alt='Test ended time' class='test-ended-time label red lighten-1 text-white'>2017-05-31 12:16:41</span>
<span title='Time taken to finish' alt='Time taken to finish' class='test-time-taken label blue-grey lighten-3 text-white'>0h 1m 4s+0ms</span>
</div>
<div class='test-desc'></div>
<div class='test-attributes'>
</div>
<div class='test-steps'>
<table class='bordered table-results'>
<thead>
<tr>
<th>Status</th>
<th>Timestamp</th>
<th>Details</th>
</tr>
</thead>
<tbody>
<tr>
<td class='status pass' title='pass' alt='pass'><i class='mdi-action-check-circle'></i></td>
<td class='timestamp'>12:16:40</td>
<td class='step-details'>getYourCopy test is passed</td>
</tr>
</tbody>
</table>
<ul class='collapsible node-list' data-collapsible='accordion'>
</ul>
</div>
</div>
</li>
<li class='collection-item test displayed active fail ' extentid='61003cbe-6845-4cf7-857e-b1307b976db7'>
<div class='test-head'>
<span class='test-name'>updateEventsLatestContent </span>
<span class='test-status label right outline capitalize fail'>fail</span>
<span class='category-assigned hide '></span>
</div>
<div class='test-body'>
<div class='test-info'>
<span title='Test started time' alt='Test started time' class='test-started-time label green lighten-1 text-white'>2017-05-31 13:22:46</span>
<span title='Test ended time' alt='Test ended time' class='test-ended-time label red lighten-1 text-white'>2017-05-31 13:23:48</span>
<span title='Time taken to finish' alt='Time taken to finish' class='test-time-taken label blue-grey lighten-3 text-white'>0h 1m 2s+0ms</span>
</div>
<div class='test-desc'></div>
<div class='test-attributes'>
</div>
<div class='test-steps'>
<table class='bordered table-results'>
<thead>
<tr>
<th>Status</th>
<th>Timestamp</th>
<th>Details</th>
</tr>
</thead>
<tbody>
<tr>
<td class='status error' title='error' alt='error'><i class='mdi-alert-error'></i></td>
<td class='timestamp'>13:23:47</td>
<td class='step-details'>updateEventsLatestContent test is failedorg.openqa.selenium.NoSuchElementException: no such element: Unable to locate element: {"method":"xpath","selector":"//a[@class='panels-ajax-tab-tab panels-ajax-tabs-once-processed panels-ajax-tabs-processed panels-ajax-tabs-first-loaded']"} (Session info: chrome=57.0.2987.133) (Driver info: chromedriver=2.29.461591 (62ebf098771772160f391d75e589dc567915b233),platform=Windows NT 10.0.14393 x86_64) (WARNING: The server did not provide any stacktrace information) Command duration or timeout: 60.03 seconds For documentation on this error, please visit: http://seleniumhq.org/exceptions/no_such_element.html Build info: version: '3.3.1', revision: '5234b325d5', time: '2017-03-10 09:10:29 +0000' System info: host: 'PRATIKS', ip: '10.105.2.74', os.name: 'Windows 10', os.arch: 'amd64', os.version: '10.0', java.version: '1.8.0_131' Driver info: org.openqa.selenium.chrome.ChromeDriver Capabilities [{applicationCacheEnabled=false, rotatable=false, mobileEmulationEnabled=false, networkConnectionEnabled=false, chrome={chromedriverVersion=2.29.461591 (62ebf098771772160f391d75e589dc567915b233), userDataDir=C:\Users\PRATIK~1.SID\AppData\Local\Temp\scoped_dir14280_824}, takesHeapSnapshot=true, pageLoadStrategy=normal, databaseEnabled=false, handlesAlerts=true, hasTouchScreen=false, version=57.0.2987.133, platform=XP, browserConnectionEnabled=false, nativeEvents=true, acceptSslCerts=true, locationContextEnabled=true, webStorageEnabled=true, browserName=chrome, takesScreenshot=true, javascriptEnabled=true, cssSelectorsEnabled=true, unexpectedAlertBehaviour=}] Session ID: eb351194f2c838901922218619f9ff8a *** Element info: {Using=xpath, value=//a[@class='panels-ajax-tab-tab panels-ajax-tabs-once-processed panels-ajax-tabs-processed panels-ajax-tabs-first-loaded']}</td>
</tr>
<tr>
<td class='status fail' title='fail' alt='fail'><i class='mdi-navigation-cancel'></i></td>
<td class='timestamp'>13:23:47</td>
<td class='step-details'><img class="report-img" data-featherlight="file:///D:\OneDrive - CACTUS\My Documents\GitHub\EditageInsights\POMExample\uiAutomation\src\main\java\com\test\automation\uiAutomation\screenshot\blank_31_05_2017_01_23_47.png" src="file:///D:\OneDrive - CACTUS\My Documents\GitHub\EditageInsights\POMExample\uiAutomation\src\main\java\com\test\automation\uiAutomation\screenshot\blank_31_05_2017_01_23_47.png"></td>
</tr>
</tbody>
</table>
<ul class='collapsible node-list' data-collapsible='accordion'>
</ul>
</div>
</div>
</li>
<li class='collection-item test displayed active fail ' extentid='16524c72-ce0e-4752-aa5a-5b09f267e26c'>
<div class='test-head'>
<span class='test-name'>updateEventsLatestContent </span>
<span class='test-status label right outline capitalize fail'>fail</span>
<span class='category-assigned hide '></span>
</div>
<div class='test-body'>
<div class='test-info'>
<span title='Test started time' alt='Test started time' class='test-started-time label green lighten-1 text-white'>2017-05-31 13:52:42</span>
<span title='Test ended time' alt='Test ended time' class='test-ended-time label red lighten-1 text-white'>2017-05-31 13:53:44</span>
<span title='Time taken to finish' alt='Time taken to finish' class='test-time-taken label blue-grey lighten-3 text-white'>0h 1m 2s+0ms</span>
</div>
<div class='test-desc'></div>
<div class='test-attributes'>
</div>
<div class='test-steps'>
<table class='bordered table-results'>
<thead>
<tr>
<th>Status</th>
<th>Timestamp</th>
<th>Details</th>
</tr>
</thead>
<tbody>
<tr>
<td class='status error' title='error' alt='error'><i class='mdi-alert-error'></i></td>
<td class='timestamp'>13:53:42</td>
<td class='step-details'>updateEventsLatestContent test is failedorg.openqa.selenium.NoSuchElementException: no such element: Unable to locate element: {"method":"xpath","selector":"//a[@class='panels-ajax-tab-tab panels-ajax-tabs-once-processed panels-ajax-tabs-processed panels-ajax-tabs-first-loaded']"} (Session info: chrome=57.0.2987.133) (Driver info: chromedriver=2.29.461591 (62ebf098771772160f391d75e589dc567915b233),platform=Windows NT 10.0.14393 x86_64) (WARNING: The server did not provide any stacktrace information) Command duration or timeout: 60.06 seconds For documentation on this error, please visit: http://seleniumhq.org/exceptions/no_such_element.html Build info: version: '3.3.1', revision: '5234b325d5', time: '2017-03-10 09:10:29 +0000' System info: host: 'PRATIKS', ip: '10.105.2.74', os.name: 'Windows 10', os.arch: 'amd64', os.version: '10.0', java.version: '1.8.0_131' Driver info: org.openqa.selenium.chrome.ChromeDriver Capabilities [{applicationCacheEnabled=false, rotatable=false, mobileEmulationEnabled=false, networkConnectionEnabled=false, chrome={chromedriverVersion=2.29.461591 (62ebf098771772160f391d75e589dc567915b233), userDataDir=C:\Users\PRATIK~1.SID\AppData\Local\Temp\scoped_dir13624_1506}, takesHeapSnapshot=true, pageLoadStrategy=normal, databaseEnabled=false, handlesAlerts=true, hasTouchScreen=false, version=57.0.2987.133, platform=XP, browserConnectionEnabled=false, nativeEvents=true, acceptSslCerts=true, locationContextEnabled=true, webStorageEnabled=true, browserName=chrome, takesScreenshot=true, javascriptEnabled=true, cssSelectorsEnabled=true, unexpectedAlertBehaviour=}] Session ID: b70af0e74ee0766c15a0f415b5ef787c *** Element info: {Using=xpath, value=//a[@class='panels-ajax-tab-tab panels-ajax-tabs-once-processed panels-ajax-tabs-processed panels-ajax-tabs-first-loaded']}</td>
</tr>
<tr>
<td class='status fail' title='fail' alt='fail'><i class='mdi-navigation-cancel'></i></td>
<td class='timestamp'>13:53:43</td>
<td class='step-details'><img class="report-img" data-featherlight="file:///D:\OneDrive - CACTUS\My Documents\GitHub\EditageInsights\POMExample\uiAutomation\src\main\java\com\test\automation\uiAutomation\screenshot\blank_31_05_2017_01_53_42.png" src="file:///D:\OneDrive - CACTUS\My Documents\GitHub\EditageInsights\POMExample\uiAutomation\src\main\java\com\test\automation\uiAutomation\screenshot\blank_31_05_2017_01_53_42.png"></td>
</tr>
</tbody>
</table>
<ul class='collapsible node-list' data-collapsible='accordion'>
</ul>
</div>
</div>
</li>
<li class='collection-item test displayed active error ' extentid='0cee5e4a-c10b-4db0-b06f-f5b241500c2c'>
<div class='test-head'>
<span class='test-name'>updateEventsLatestContent </span>
<span class='test-status label right outline capitalize error'>error</span>
<span class='category-assigned hide '></span>
</div>
<div class='test-body'>
<div class='test-info'>
<span title='Test started time' alt='Test started time' class='test-started-time label green lighten-1 text-white'>2017-05-31 13:54:10</span>
<span title='Test ended time' alt='Test ended time' class='test-ended-time label red lighten-1 text-white'>2017-05-31 13:54:24</span>
<span title='Time taken to finish' alt='Time taken to finish' class='test-time-taken label blue-grey lighten-3 text-white'>0h 0m 14s+0ms</span>
</div>
<div class='test-desc'></div>
<div class='test-attributes'>
</div>
<div class='test-steps'>
<table class='bordered table-results'>
<thead>
<tr>
<th>Status</th>
<th>Timestamp</th>
<th>Details</th>
</tr>
</thead>
<tbody>
<tr>
<td class='status error' title='error' alt='error'><i class='mdi-alert-error'></i></td>
<td class='timestamp'>13:54:23</td>
<td class='step-details'>updateEventsLatestContent test is failedjava.lang.NullPointerException</td>
</tr>
</tbody>
</table>
<ul class='collapsible node-list' data-collapsible='accordion'>
</ul>
</div>
</div>
</li>
<li class='collection-item test displayed active pass ' extentid='3cfa0f85-4144-4b96-b94a-d75a3b54ccdf'>
<div class='test-head'>
<span class='test-name'>updateEventsLatestContent </span>
<span class='test-status label right outline capitalize pass'>pass</span>
<span class='category-assigned hide '></span>
</div>
<div class='test-body'>
<div class='test-info'>
<span title='Test started time' alt='Test started time' class='test-started-time label green lighten-1 text-white'>2017-05-31 14:03:01</span>
<span title='Test ended time' alt='Test ended time' class='test-ended-time label red lighten-1 text-white'>2017-05-31 14:03:18</span>
<span title='Time taken to finish' alt='Time taken to finish' class='test-time-taken label blue-grey lighten-3 text-white'>0h 0m 17s+0ms</span>
</div>
<div class='test-desc'></div>
<div class='test-attributes'>
</div>
<div class='test-steps'>
<table class='bordered table-results'>
<thead>
<tr>
<th>Status</th>
<th>Timestamp</th>
<th>Details</th>
</tr>
</thead>
<tbody>
<tr>
<td class='status pass' title='pass' alt='pass'><i class='mdi-action-check-circle'></i></td>
<td class='timestamp'>14:03:16</td>
<td class='step-details'>updateEventsLatestContent test is passed</td>
</tr>
</tbody>
</table>
<ul class='collapsible node-list' data-collapsible='accordion'>
</ul>
</div>
</div>
</li>
<li class='collection-item test displayed active fail ' extentid='c8531283-096c-4341-b4ee-f39ac75d3a66'>
<div class='test-head'>
<span class='test-name'>updateEventsLatestContent </span>
<span class='test-status label right outline capitalize fail'>fail</span>
<span class='category-assigned hide '></span>
</div>
<div class='test-body'>
<div class='test-info'>
<span title='Test started time' alt='Test started time' class='test-started-time label green lighten-1 text-white'>2017-05-31 14:30:12</span>
<span title='Test ended time' alt='Test ended time' class='test-ended-time label red lighten-1 text-white'>2017-05-31 14:31:15</span>
<span title='Time taken to finish' alt='Time taken to finish' class='test-time-taken label blue-grey lighten-3 text-white'>0h 1m 3s+0ms</span>
</div>
<div class='test-desc'></div>
<div class='test-attributes'>
</div>
<div class='test-steps'>
<table class='bordered table-results'>
<thead>
<tr>
<th>Status</th>
<th>Timestamp</th>
<th>Details</th>
</tr>
</thead>
<tbody>
<tr>
<td class='status error' title='error' alt='error'><i class='mdi-alert-error'></i></td>
<td class='timestamp'>14:31:13</td>
<td class='step-details'>updateEventsLatestContent test is failedorg.openqa.selenium.NoSuchElementException: no such element: Unable to locate element: {"method":"xpath","selector":"//a[@class='panels-ajax-tab-tab panels-ajax-tabs-once-processed panels-ajax-tabs-processed panels-ajax-tabs-first-loaded']"} (Session info: chrome=57.0.2987.133) (Driver info: chromedriver=2.29.461591 (62ebf098771772160f391d75e589dc567915b233),platform=Windows NT 10.0.14393 x86_64) (WARNING: The server did not provide any stacktrace information) Command duration or timeout: 30.05 seconds For documentation on this error, please visit: http://seleniumhq.org/exceptions/no_such_element.html Build info: version: '3.3.1', revision: '5234b325d5', time: '2017-03-10 09:10:29 +0000' System info: host: 'PRATIKS', ip: '10.105.2.74', os.name: 'Windows 10', os.arch: 'amd64', os.version: '10.0', java.version: '1.8.0_131' Driver info: org.openqa.selenium.chrome.ChromeDriver Capabilities [{applicationCacheEnabled=false, rotatable=false, mobileEmulationEnabled=false, networkConnectionEnabled=false, chrome={chromedriverVersion=2.29.461591 (62ebf098771772160f391d75e589dc567915b233), userDataDir=C:\Users\PRATIK~1.SID\AppData\Local\Temp\scoped_dir13348_14783}, takesHeapSnapshot=true, pageLoadStrategy=normal, databaseEnabled=false, handlesAlerts=true, hasTouchScreen=false, version=57.0.2987.133, platform=XP, browserConnectionEnabled=false, nativeEvents=true, acceptSslCerts=true, locationContextEnabled=true, webStorageEnabled=true, browserName=chrome, takesScreenshot=true, javascriptEnabled=true, cssSelectorsEnabled=true, unexpectedAlertBehaviour=}] Session ID: 9296678f85d9c427b02f92bf5122738f *** Element info: {Using=xpath, value=//a[@class='panels-ajax-tab-tab panels-ajax-tabs-once-processed panels-ajax-tabs-processed panels-ajax-tabs-first-loaded']}</td>
</tr>
<tr>
<td class='status fail' title='fail' alt='fail'><i class='mdi-navigation-cancel'></i></td>
<td class='timestamp'>14:31:13</td>
<td class='step-details'><img class="report-img" data-featherlight="file:///D:\OneDrive - CACTUS\My Documents\GitHub\EditageInsights\POMExample\uiAutomation\src\main\java\com\test\automation\uiAutomation\screenshot\blank_31_05_2017_02_31_13.png" src="file:///D:\OneDrive - CACTUS\My Documents\GitHub\EditageInsights\POMExample\uiAutomation\src\main\java\com\test\automation\uiAutomation\screenshot\blank_31_05_2017_02_31_13.png"></td>
</tr>
</tbody>
</table>
<ul class='collapsible node-list' data-collapsible='accordion'>
</ul>
</div>
</div>
</li>
<li class='collection-item test displayed active fail ' extentid='55fbd04c-dc36-464e-af35-4a95ac43608b'>
<div class='test-head'>
<span class='test-name'>updateEventsLatestContent </span>
<span class='test-status label right outline capitalize fail'>fail</span>
<span class='category-assigned hide '></span>
</div>
<div class='test-body'>
<div class='test-info'>
<span title='Test started time' alt='Test started time' class='test-started-time label green lighten-1 text-white'>2017-05-31 14:32:07</span>
<span title='Test ended time' alt='Test ended time' class='test-ended-time label red lighten-1 text-white'>2017-05-31 14:33:09</span>
<span title='Time taken to finish' alt='Time taken to finish' class='test-time-taken label blue-grey lighten-3 text-white'>0h 1m 2s+0ms</span>
</div>
<div class='test-desc'></div>
<div class='test-attributes'>
</div>
<div class='test-steps'>
<table class='bordered table-results'>
<thead>
<tr>
<th>Status</th>
<th>Timestamp</th>
<th>Details</th>
</tr>
</thead>
<tbody>
<tr>
<td class='status error' title='error' alt='error'><i class='mdi-alert-error'></i></td>
<td class='timestamp'>14:33:08</td>
<td class='step-details'>updateEventsLatestContent test is failedorg.openqa.selenium.NoSuchElementException: no such element: Unable to locate element: {"method":"xpath","selector":"//a[@class='panels-ajax-tab-tab panels-ajax-tabs-once-processed panels-ajax-tabs-processed panels-ajax-tabs-first-loaded']"} (Session info: chrome=57.0.2987.133) (Driver info: chromedriver=2.29.461591 (62ebf098771772160f391d75e589dc567915b233),platform=Windows NT 10.0.14393 x86_64) (WARNING: The server did not provide any stacktrace information) Command duration or timeout: 30.05 seconds For documentation on this error, please visit: http://seleniumhq.org/exceptions/no_such_element.html Build info: version: '3.3.1', revision: '5234b325d5', time: '2017-03-10 09:10:29 +0000' System info: host: 'PRATIKS', ip: '10.105.2.74', os.name: 'Windows 10', os.arch: 'amd64', os.version: '10.0', java.version: '1.8.0_131' Driver info: org.openqa.selenium.chrome.ChromeDriver Capabilities [{applicationCacheEnabled=false, rotatable=false, mobileEmulationEnabled=false, networkConnectionEnabled=false, chrome={chromedriverVersion=2.29.461591 (62ebf098771772160f391d75e589dc567915b233), userDataDir=C:\Users\PRATIK~1.SID\AppData\Local\Temp\scoped_dir12780_11143}, takesHeapSnapshot=true, pageLoadStrategy=normal, databaseEnabled=false, handlesAlerts=true, hasTouchScreen=false, version=57.0.2987.133, platform=XP, browserConnectionEnabled=false, nativeEvents=true, acceptSslCerts=true, locationContextEnabled=true, webStorageEnabled=true, browserName=chrome, takesScreenshot=true, javascriptEnabled=true, cssSelectorsEnabled=true, unexpectedAlertBehaviour=}] Session ID: a3100b77d292265aec366ca84cc09d7f *** Element info: {Using=xpath, value=//a[@class='panels-ajax-tab-tab panels-ajax-tabs-once-processed panels-ajax-tabs-processed panels-ajax-tabs-first-loaded']}</td>
</tr>
<tr>
<td class='status fail' title='fail' alt='fail'><i class='mdi-navigation-cancel'></i></td>
<td class='timestamp'>14:33:08</td>
<td class='step-details'><img class="report-img" data-featherlight="file:///D:\OneDrive - CACTUS\My Documents\GitHub\EditageInsights\POMExample\uiAutomation\src\main\java\com\test\automation\uiAutomation\screenshot\blank_31_05_2017_02_33_08.png" src="file:///D:\OneDrive - CACTUS\My Documents\GitHub\EditageInsights\POMExample\uiAutomation\src\main\java\com\test\automation\uiAutomation\screenshot\blank_31_05_2017_02_33_08.png"></td>
</tr>
</tbody>
</table>
<ul class='collapsible node-list' data-collapsible='accordion'>
</ul>
</div>
</div>
</li>
<li class='collection-item test displayed active fail ' extentid='f9c390e5-3dfc-4216-a794-ba3e5b5919ff'>
<div class='test-head'>
<span class='test-name'>updateEventsLatestContent </span>
<span class='test-status label right outline capitalize fail'>fail</span>
<span class='category-assigned hide '></span>
</div>
<div class='test-body'>
<div class='test-info'>
<span title='Test started time' alt='Test started time' class='test-started-time label green lighten-1 text-white'>2017-05-31 14:33:37</span>
<span title='Test ended time' alt='Test ended time' class='test-ended-time label red lighten-1 text-white'>2017-05-31 14:34:39</span>
<span title='Time taken to finish' alt='Time taken to finish' class='test-time-taken label blue-grey lighten-3 text-white'>0h 1m 2s+0ms</span>
</div>
<div class='test-desc'></div>
<div class='test-attributes'>
</div>
<div class='test-steps'>
<table class='bordered table-results'>
<thead>
<tr>
<th>Status</th>
<th>Timestamp</th>
<th>Details</th>
</tr>
</thead>
<tbody>
<tr>
<td class='status error' title='error' alt='error'><i class='mdi-alert-error'></i></td>
<td class='timestamp'>14:34:37</td>
<td class='step-details'>updateEventsLatestContent test is failedorg.openqa.selenium.NoSuchElementException: no such element: Unable to locate element: {"method":"xpath","selector":"//a[@class='panels-ajax-tab-tab panels-ajax-tabs-once-processed panels-ajax-tabs-processed panels-ajax-tabs-first-loaded']"} (Session info: chrome=57.0.2987.133) (Driver info: chromedriver=2.29.461591 (62ebf098771772160f391d75e589dc567915b233),platform=Windows NT 10.0.14393 x86_64) (WARNING: The server did not provide any stacktrace information) Command duration or timeout: 30.06 seconds For documentation on this error, please visit: http://seleniumhq.org/exceptions/no_such_element.html Build info: version: '3.3.1', revision: '5234b325d5', time: '2017-03-10 09:10:29 +0000' System info: host: 'PRATIKS', ip: '10.105.2.74', os.name: 'Windows 10', os.arch: 'amd64', os.version: '10.0', java.version: '1.8.0_131' Driver info: org.openqa.selenium.chrome.ChromeDriver Capabilities [{applicationCacheEnabled=false, rotatable=false, mobileEmulationEnabled=false, networkConnectionEnabled=false, chrome={chromedriverVersion=2.29.461591 (62ebf098771772160f391d75e589dc567915b233), userDataDir=C:\Users\PRATIK~1.SID\AppData\Local\Temp\scoped_dir13400_17271}, takesHeapSnapshot=true, pageLoadStrategy=normal, databaseEnabled=false, handlesAlerts=true, hasTouchScreen=false, version=57.0.2987.133, platform=XP, browserConnectionEnabled=false, nativeEvents=true, acceptSslCerts=true, locationContextEnabled=true, webStorageEnabled=true, browserName=chrome, takesScreenshot=true, javascriptEnabled=true, cssSelectorsEnabled=true, unexpectedAlertBehaviour=}] Session ID: d5bd2fd4a64a9c773c50242ee4377082 *** Element info: {Using=xpath, value=//a[@class='panels-ajax-tab-tab panels-ajax-tabs-once-processed panels-ajax-tabs-processed panels-ajax-tabs-first-loaded']}</td>
</tr>
<tr>
<td class='status fail' title='fail' alt='fail'><i class='mdi-navigation-cancel'></i></td>
<td class='timestamp'>14:34:38</td>
<td class='step-details'><img class="report-img" data-featherlight="file:///D:\OneDrive - CACTUS\My Documents\GitHub\EditageInsights\POMExample\uiAutomation\src\main\java\com\test\automation\uiAutomation\screenshot\blank_31_05_2017_02_34_37.png" src="file:///D:\OneDrive - CACTUS\My Documents\GitHub\EditageInsights\POMExample\uiAutomation\src\main\java\com\test\automation\uiAutomation\screenshot\blank_31_05_2017_02_34_37.png"></td>
</tr>
</tbody>
</table>
<ul class='collapsible node-list' data-collapsible='accordion'>
</ul>
</div>
</div>
</li>
<li class='collection-item test displayed active fail ' extentid='25333ef8-d72f-4f34-9a24-47700cdb938e'>
<div class='test-head'>
<span class='test-name'>updateEventsLatestContent </span>
<span class='test-status label right outline capitalize fail'>fail</span>
<span class='category-assigned hide '></span>
</div>
<div class='test-body'>
<div class='test-info'>
<span title='Test started time' alt='Test started time' class='test-started-time label green lighten-1 text-white'>2017-05-31 14:41:01</span>
<span title='Test ended time' alt='Test ended time' class='test-ended-time label red lighten-1 text-white'>2017-05-31 14:41:34</span>
<span title='Time taken to finish' alt='Time taken to finish' class='test-time-taken label blue-grey lighten-3 text-white'>0h 0m 33s+0ms</span>
</div>
<div class='test-desc'></div>
<div class='test-attributes'>
</div>
<div class='test-steps'>
<table class='bordered table-results'>
<thead>
<tr>
<th>Status</th>
<th>Timestamp</th>
<th>Details</th>
</tr>
</thead>
<tbody>
<tr>
<td class='status error' title='error' alt='error'><i class='mdi-alert-error'></i></td>
<td class='timestamp'>14:41:30</td>
<td class='step-details'>updateEventsLatestContent test is failedorg.openqa.selenium.WebDriverException: disconnected: not connected to DevTools (Session info: chrome=57.0.2987.133) (Driver info: chromedriver=2.29.461591 (62ebf098771772160f391d75e589dc567915b233),platform=Windows NT 10.0.14393 x86_64) (WARNING: The server did not provide any stacktrace information) Command duration or timeout: 1.29 seconds Build info: version: '3.3.1', revision: '5234b325d5', time: '2017-03-10 09:10:29 +0000' System info: host: 'PRATIKS', ip: '10.105.2.74', os.name: 'Windows 10', os.arch: 'amd64', os.version: '10.0', java.version: '1.8.0_131' Driver info: org.openqa.selenium.chrome.ChromeDriver Capabilities [{applicationCacheEnabled=false, rotatable=false, mobileEmulationEnabled=false, networkConnectionEnabled=false, chrome={chromedriverVersion=2.29.461591 (62ebf098771772160f391d75e589dc567915b233), userDataDir=C:\Users\PRATIK~1.SID\AppData\Local\Temp\scoped_dir13516_15926}, takesHeapSnapshot=true, pageLoadStrategy=normal, databaseEnabled=false, handlesAlerts=true, hasTouchScreen=false, version=57.0.2987.133, platform=XP, browserConnectionEnabled=false, nativeEvents=true, acceptSslCerts=true, locationContextEnabled=true, webStorageEnabled=true, browserName=chrome, takesScreenshot=true, javascriptEnabled=true, cssSelectorsEnabled=true, unexpectedAlertBehaviour=}] Session ID: ffc7221c3e9cb5f2331d467eb13ad990 *** Element info: {Using=xpath, value=//a[@class='panels-ajax-tab-tab panels-ajax-tabs-once-processed panels-ajax-tabs-processed panels-ajax-tabs-first-loaded']}</td>
</tr>
<tr>
<td class='status fail' title='fail' alt='fail'><i class='mdi-navigation-cancel'></i></td>
<td class='timestamp'>14:41:33</td>
<td class='step-details'><img class="report-img" data-featherlight="file:///D:\OneDrive - CACTUS\My Documents\GitHub\EditageInsights\POMExample\uiAutomation\src\main\java\com\test\automation\uiAutomation\screenshot\blank_31_05_2017_02_41_30.png" src="file:///D:\OneDrive - CACTUS\My Documents\GitHub\EditageInsights\POMExample\uiAutomation\src\main\java\com\test\automation\uiAutomation\screenshot\blank_31_05_2017_02_41_30.png"></td>
</tr>
</tbody>
</table>
<ul class='collapsible node-list' data-collapsible='accordion'>
</ul>
</div>
</div>
</li>
<li class='collection-item test displayed active fail ' extentid='72890acc-5029-43f4-8f8b-3214f06e140c'>
<div class='test-head'>
<span class='test-name'>updateEventsLatestContent </span>
<span class='test-status label right outline capitalize fail'>fail</span>
<span class='category-assigned hide '></span>
</div>
<div class='test-body'>
<div class='test-info'>
<span title='Test started time' alt='Test started time' class='test-started-time label green lighten-1 text-white'>2017-05-31 15:17:31</span>
<span title='Test ended time' alt='Test ended time' class='test-ended-time label red lighten-1 text-white'>2017-05-31 15:18:34</span>
<span title='Time taken to finish' alt='Time taken to finish' class='test-time-taken label blue-grey lighten-3 text-white'>0h 1m 3s+0ms</span>
</div>
<div class='test-desc'></div>
<div class='test-attributes'>
</div>
<div class='test-steps'>
<table class='bordered table-results'>
<thead>
<tr>
<th>Status</th>
<th>Timestamp</th>
<th>Details</th>
</tr>
</thead>
<tbody>
<tr>
<td class='status error' title='error' alt='error'><i class='mdi-alert-error'></i></td>
<td class='timestamp'>15:18:32</td>
<td class='step-details'>updateEventsLatestContent test is failedorg.openqa.selenium.NoSuchElementException: no such element: Unable to locate element: {"method":"xpath","selector":"//a[@class='panels-ajax-tab-tab panels-ajax-tabs-once-processed panels-ajax-tabs-processed panels-ajax-tabs-first-loaded']"} (Session info: chrome=57.0.2987.133) (Driver info: chromedriver=2.29.461591 (62ebf098771772160f391d75e589dc567915b233),platform=Windows NT 10.0.14393 x86_64) (WARNING: The server did not provide any stacktrace information) Command duration or timeout: 30.03 seconds For documentation on this error, please visit: http://seleniumhq.org/exceptions/no_such_element.html Build info: version: '3.3.1', revision: '5234b325d5', time: '2017-03-10 09:10:29 +0000' System info: host: 'PRATIKS', ip: '10.105.2.74', os.name: 'Windows 10', os.arch: 'amd64', os.version: '10.0', java.version: '1.8.0_131' Driver info: org.openqa.selenium.chrome.ChromeDriver Capabilities [{applicationCacheEnabled=false, rotatable=false, mobileEmulationEnabled=false, networkConnectionEnabled=false, chrome={chromedriverVersion=2.29.461591 (62ebf098771772160f391d75e589dc567915b233), userDataDir=C:\Users\PRATIK~1.SID\AppData\Local\Temp\scoped_dir9044_3464}, takesHeapSnapshot=true, pageLoadStrategy=normal, databaseEnabled=false, handlesAlerts=true, hasTouchScreen=false, version=57.0.2987.133, platform=XP, browserConnectionEnabled=false, nativeEvents=true, acceptSslCerts=true, locationContextEnabled=true, webStorageEnabled=true, browserName=chrome, takesScreenshot=true, javascriptEnabled=true, cssSelectorsEnabled=true, unexpectedAlertBehaviour=}] Session ID: 6e62324e1ddf269a12fe994245f8f85b *** Element info: {Using=xpath, value=//a[@class='panels-ajax-tab-tab panels-ajax-tabs-once-processed panels-ajax-tabs-processed panels-ajax-tabs-first-loaded']}</td>
</tr>
<tr>
<td class='status fail' title='fail' alt='fail'><i class='mdi-navigation-cancel'></i></td>
<td class='timestamp'>15:18:32</td>
<td class='step-details'><img class="report-img" data-featherlight="file:///D:\OneDrive - CACTUS\My Documents\GitHub\EditageInsights\POMExample\uiAutomation\src\main\java\com\test\automation\uiAutomation\screenshot\blank_31_05_2017_03_18_32.png" src="file:///D:\OneDrive - CACTUS\My Documents\GitHub\EditageInsights\POMExample\uiAutomation\src\main\java\com\test\automation\uiAutomation\screenshot\blank_31_05_2017_03_18_32.png"></td>
</tr>
</tbody>
</table>
<ul class='collapsible node-list' data-collapsible='accordion'>
</ul>
</div>
</div>
</li>
<li class='collection-item test displayed active pass ' extentid='86f292f3-623d-4a85-954c-f91050cd0e12'>
<div class='test-head'>
<span class='test-name'>updateEventsLatestContent </span>
<span class='test-status label right outline capitalize pass'>pass</span>
<span class='category-assigned hide '></span>
</div>
<div class='test-body'>
<div class='test-info'>
<span title='Test started time' alt='Test started time' class='test-started-time label green lighten-1 text-white'>2017-05-31 16:28:39</span>
<span title='Test ended time' alt='Test ended time' class='test-ended-time label red lighten-1 text-white'>2017-05-31 16:28:45</span>
<span title='Time taken to finish' alt='Time taken to finish' class='test-time-taken label blue-grey lighten-3 text-white'>0h 0m 6s+0ms</span>
</div>
<div class='test-desc'></div>
<div class='test-attributes'>
</div>
<div class='test-steps'>
<table class='bordered table-results'>
<thead>
<tr>
<th>Status</th>
<th>Timestamp</th>
<th>Details</th>
</tr>
</thead>
<tbody>
<tr>
<td class='status pass' title='pass' alt='pass'><i class='mdi-action-check-circle'></i></td>
<td class='timestamp'>16:28:44</td>
<td class='step-details'>updateEventsLatestContent test is passed</td>
</tr>
</tbody>
</table>
<ul class='collapsible node-list' data-collapsible='accordion'>
</ul>
</div>
</div>
</li>
<li class='collection-item test displayed active pass ' extentid='90a43af8-76f7-41dc-a42f-ab2f2821015c'>
<div class='test-head'>
<span class='test-name'>updateEventsVerifyImgTitle </span>
<span class='test-status label right outline capitalize pass'>pass</span>
<span class='category-assigned hide '></span>
</div>
<div class='test-body'>
<div class='test-info'>
<span title='Test started time' alt='Test started time' class='test-started-time label green lighten-1 text-white'>2017-05-31 17:01:58</span>
<span title='Test ended time' alt='Test ended time' class='test-ended-time label red lighten-1 text-white'>2017-05-31 17:02:10</span>
<span title='Time taken to finish' alt='Time taken to finish' class='test-time-taken label blue-grey lighten-3 text-white'>0h 0m 12s+0ms</span>
</div>
<div class='test-desc'></div>
<div class='test-attributes'>
</div>
<div class='test-steps'>
<table class='bordered table-results'>
<thead>
<tr>
<th>Status</th>
<th>Timestamp</th>
<th>Details</th>
</tr>
</thead>
<tbody>
<tr>
<td class='status pass' title='pass' alt='pass'><i class='mdi-action-check-circle'></i></td>
<td class='timestamp'>17:02:09</td>
<td class='step-details'>updateEventsVerifyImgTitle test is passed</td>
</tr>
</tbody>
</table>
<ul class='collapsible node-list' data-collapsible='accordion'>
</ul>
</div>
</div>
</li>
<li class='collection-item test displayed active fail ' extentid='04b15004-79ba-4183-9f64-02b03301549b'>
<div class='test-head'>
<span class='test-name'>updateEventDetailPageDirect </span>
<span class='test-status label right outline capitalize fail'>fail</span>
<span class='category-assigned hide '></span>
</div>
<div class='test-body'>
<div class='test-info'>
<span title='Test started time' alt='Test started time' class='test-started-time label green lighten-1 text-white'>2017-05-31 17:30:20</span>
<span title='Test ended time' alt='Test ended time' class='test-ended-time label red lighten-1 text-white'>2017-05-31 17:30:29</span>
<span title='Time taken to finish' alt='Time taken to finish' class='test-time-taken label blue-grey lighten-3 text-white'>0h 0m 9s+0ms</span>
</div>
<div class='test-desc'></div>
<div class='test-attributes'>
</div>
<div class='test-steps'>
<table class='bordered table-results'>
<thead>
<tr>
<th>Status</th>
<th>Timestamp</th>
<th>Details</th>
</tr>
</thead>
<tbody>
<tr>
<td class='status error' title='error' alt='error'><i class='mdi-alert-error'></i></td>
<td class='timestamp'>17:30:24</td>
<td class='step-details'>updateEventDetailPageDirect test is failedjava.lang.AssertionError: On clicking content on Updates and Events we are getting directed to Detailed Page expected [true] but found [false]</td>
</tr>
<tr>
<td class='status fail' title='fail' alt='fail'><i class='mdi-navigation-cancel'></i></td>
<td class='timestamp'>17:30:27</td>
<td class='step-details'><img class="report-img" data-featherlight="file:///D:\OneDrive - CACTUS\My Documents\GitHub\EditageInsights\POMExample\uiAutomation\src\main\java\com\test\automation\uiAutomation\screenshot\blank_31_05_2017_05_30_24.png" src="file:///D:\OneDrive - CACTUS\My Documents\GitHub\EditageInsights\POMExample\uiAutomation\src\main\java\com\test\automation\uiAutomation\screenshot\blank_31_05_2017_05_30_24.png"></td>
</tr>
</tbody>
</table>
<ul class='collapsible node-list' data-collapsible='accordion'>
</ul>
</div>
</div>
</li>
<li class='collection-item test displayed active fail ' extentid='9670642e-bd45-45b6-9779-90148c655b3d'>
<div class='test-head'>
<span class='test-name'>updateEventDetailPageDirect </span>
<span class='test-status label right outline capitalize fail'>fail</span>
<span class='category-assigned hide '></span>
</div>
<div class='test-body'>
<div class='test-info'>
<span title='Test started time' alt='Test started time' class='test-started-time label green lighten-1 text-white'>2017-05-31 17:31:05</span>
<span title='Test ended time' alt='Test ended time' class='test-ended-time label red lighten-1 text-white'>2017-05-31 17:31:12</span>
<span title='Time taken to finish' alt='Time taken to finish' class='test-time-taken label blue-grey lighten-3 text-white'>0h 0m 7s+0ms</span>
</div>
<div class='test-desc'></div>
<div class='test-attributes'>
</div>
<div class='test-steps'>
<table class='bordered table-results'>
<thead>
<tr>
<th>Status</th>
<th>Timestamp</th>
<th>Details</th>
</tr>
</thead>
<tbody>
<tr>
<td class='status error' title='error' alt='error'><i class='mdi-alert-error'></i></td>
<td class='timestamp'>17:31:11</td>
<td class='step-details'>updateEventDetailPageDirect test is failedjava.lang.AssertionError: On clicking content on Updates and Events we are getting directed to Detailed Page expected [true] but found [false]</td>
</tr>
<tr>
<td class='status fail' title='fail' alt='fail'><i class='mdi-navigation-cancel'></i></td>
<td class='timestamp'>17:31:11</td>
<td class='step-details'><img class="report-img" data-featherlight="file:///D:\OneDrive - CACTUS\My Documents\GitHub\EditageInsights\POMExample\uiAutomation\src\main\java\com\test\automation\uiAutomation\screenshot\blank_31_05_2017_05_31_11.png" src="file:///D:\OneDrive - CACTUS\My Documents\GitHub\EditageInsights\POMExample\uiAutomation\src\main\java\com\test\automation\uiAutomation\screenshot\blank_31_05_2017_05_31_11.png"></td>
</tr>
</tbody>
</table>
<ul class='collapsible node-list' data-collapsible='accordion'>
</ul>
</div>
</div>
</li>
<li class='collection-item test displayed active fail ' extentid='ac7da5a0-4e44-4fe3-8ede-56ab99932bac'>
<div class='test-head'>
<span class='test-name'>updateEventDetailPageDirect </span>
<span class='test-status label right outline capitalize fail'>fail</span>
<span class='category-assigned hide '></span>
</div>
<div class='test-body'>
<div class='test-info'>
<span title='Test started time' alt='Test started time' class='test-started-time label green lighten-1 text-white'>2017-05-31 17:31:38</span>
<span title='Test ended time' alt='Test ended time' class='test-ended-time label red lighten-1 text-white'>2017-05-31 17:31:45</span>
<span title='Time taken to finish' alt='Time taken to finish' class='test-time-taken label blue-grey lighten-3 text-white'>0h 0m 7s+0ms</span>
</div>
<div class='test-desc'></div>
<div class='test-attributes'>
</div>
<div class='test-steps'>
<table class='bordered table-results'>
<thead>
<tr>
<th>Status</th>
<th>Timestamp</th>
<th>Details</th>
</tr>
</thead>
<tbody>
<tr>
<td class='status error' title='error' alt='error'><i class='mdi-alert-error'></i></td>
<td class='timestamp'>17:31:43</td>
<td class='step-details'>updateEventDetailPageDirect test is failedjava.lang.AssertionError: On clicking content on Updates and Events we are getting directed to Detailed Page expected [true] but found [false]</td>
</tr>
<tr>
<td class='status fail' title='fail' alt='fail'><i class='mdi-navigation-cancel'></i></td>
<td class='timestamp'>17:31:43</td>
<td class='step-details'><img class="report-img" data-featherlight="file:///D:\OneDrive - CACTUS\My Documents\GitHub\EditageInsights\POMExample\uiAutomation\src\main\java\com\test\automation\uiAutomation\screenshot\blank_31_05_2017_05_31_43.png" src="file:///D:\OneDrive - CACTUS\My Documents\GitHub\EditageInsights\POMExample\uiAutomation\src\main\java\com\test\automation\uiAutomation\screenshot\blank_31_05_2017_05_31_43.png"></td>
</tr>
</tbody>
</table>
<ul class='collapsible node-list' data-collapsible='accordion'>
</ul>
</div>
</div>
</li>
<li class='collection-item test displayed active pass ' extentid='e419083f-a602-42a4-a115-67e3c56ac917'>
<div class='test-head'>
<span class='test-name'>updateEventDetailPageDirect </span>
<span class='test-status label right outline capitalize pass'>pass</span>
<span class='category-assigned hide '></span>
</div>
<div class='test-body'>
<div class='test-info'>
<span title='Test started time' alt='Test started time' class='test-started-time label green lighten-1 text-white'>2017-05-31 17:56:57</span>
<span title='Test ended time' alt='Test ended time' class='test-ended-time label red lighten-1 text-white'>2017-05-31 17:57:14</span>
<span title='Time taken to finish' alt='Time taken to finish' class='test-time-taken label blue-grey lighten-3 text-white'>0h 0m 17s+210ms</span>
</div>
<div class='test-desc'></div>
<div class='test-attributes'>
</div>
<div class='test-steps'>
<table class='bordered table-results'>
<thead>
<tr>
<th>Status</th>
<th>Timestamp</th>
<th>Details</th>
</tr>
</thead>
<tbody>
<tr>
<td class='status pass' title='pass' alt='pass'><i class='mdi-action-check-circle'></i></td>
<td class='timestamp'>17:57:13</td>
<td class='step-details'>updateEventDetailPageDirect test is passed</td>
</tr>
</tbody>
</table>
<ul class='collapsible node-list' data-collapsible='accordion'>
</ul>
</div>
</div>
</li>
</ul>
</div>
</div>
</div>
</div>
<div id='test-details-wrapper' class='col _addedCell2'>
<div class='contents'>
<div class='card-panel details-view'>
<h5 class='details-name'></h5>
<div class='details-container'>
</div>
</div>
</div>
</div>
</div>
<!-- /tests -->

<!-- categories -->
<!-- /categories -->

<!-- exceptions -->
<!-- /exceptions -->

<!-- testrunner logs -->
<!-- /testrunner logs -->

</div>
<!-- /container -->

<!-- test dashboard counts setting -->
<div id='test-count-setting' class='modal bottom-sheet'> 
<div class='modal-content'> 
<h5>Configure Tests Count Setting</h5> 
<input name='test-count-setting' type='radio' id='parentWithoutNodes' class='with-gap'> 
<label for='parentWithoutNodes'>Parent Tests Only (Does not include child nodes in counts)</label> 
<br> 
<input name='test-count-setting' type='radio' id='parentWithoutNodesAndNodes' class='with-gap'> 
<label for='parentWithoutNodesAndNodes'>Parent Tests Without Child Tests + Child Tests</label> 
<br> 
<input name='test-count-setting' type='radio' id='childNodes' class='with-gap'> 
<label for='childNodes'>Child Tests Only</label> 
</div> 
<div class='modal-footer'> 
<a href='#!' class='modal-action modal-close waves-effect waves-green btn'>Save</a> 
</div> 
</div>
<!-- /test dashboard counts setting -->

<!-- filter for step status -->
<div id='step-status-filter' class='modal bottom-sheet'> 
<div class='modal-content'> 
<h5>Select status</h5> 
<input checked class='filled-in' type='checkbox' id='step-dashboard-filter-pass'> 
<label for='step-dashboard-filter-pass'>Pass</label> 
<br> 
<input checked class='filled-in' type='checkbox' id='step-dashboard-filter-fail'> 
<label for='step-dashboard-filter-fail'>Fail</label> 
<br> 
<input checked class='filled-in' type='checkbox' id='step-dashboard-filter-fatal'> 
<label for='step-dashboard-filter-fatal'>Fatal</label> 
<br> 
<input checked class='filled-in' type='checkbox' id='step-dashboard-filter-error'> 
<label for='step-dashboard-filter-error'>Error</label> 
<br> 
<input checked class='filled-in' type='checkbox' id='step-dashboard-filter-warning'> 
<label for='step-dashboard-filter-warning'>Warning</label> 
<br> 
<input checked class='filled-in' type='checkbox' id='step-dashboard-filter-skip'> 
<label for='step-dashboard-filter-skip'>Skipped</label> 
<br> 
<input checked class='filled-in' type='checkbox' id='step-dashboard-filter-info'> 
<label for='step-dashboard-filter-info'>Info</label> 
<br> 
<input checked class='filled-in' type='checkbox' id='step-dashboard-filter-unknown'> 
<label for='step-dashboard-filter-unknown'>Unknown</label> 
</div>
<div class='modal-footer'> 
<a href='#!' class='modal-action modal-close waves-effect waves-green btn'>Save</a> 
</div> 
</div>
<!-- /filter for step status -->

<script src='https://cdn.rawgit.com/anshooarora/extentreports/c936a26fc8bb9c5fc0253b5bc6f289e1d14bb595/cdn/extent.js' type='text/javascript'></script>

<script>$(document).ready(function() { $('.logo span').html('ExtentReports'); });</script>
<script>

            
                $(document).ready(function() {
                    
                });
            
        
</script>
</body>
</html>
