<?xml version="1.0" encoding="UTF-8"?>
<testng-results skipped="1" failed="3" ignored="0" total="5" passed="1">
  <reporter-output>
    <line>
      <![CDATA[Test started running:authenticatedUserSaveToLibrary]]>
    </line>
    <line>
      <![CDATA[Test is success:authenticatedUserSaveToLibrary]]>
    </line>
    <line>
      <![CDATA[<a href='D:\OneDrive - CACTUS\My Documents\GitHub\EditageInsights\POMExample\uiAutomation\src\main\java\com\test\automation\uiAutomation\success_screenshots\authenticatedUserSaveToLibrary_16_05_2017_05_39_10.png'> <img src='D:\OneDrive - CACTUS\My Documents\GitHub\EditageInsights\POMExample\uiAutomation\src\main\java\com\test\automation\uiAutomation\success_screenshots\authenticatedUserSaveToLibrary_16_05_2017_05_39_10.png'height='100' width='100'/> </a>]]>
    </line>
    <line>
      <![CDATA[Test started running:validLoginCredentials]]>
    </line>
    <line>
      <![CDATA[Test is skipped:validLoginCredentials]]>
    </line>
    <line>
      <![CDATA[Test started running:validLoginCredentials]]>
    </line>
    <line>
      <![CDATA[Test is failed:validLoginCredentials]]>
    </line>
    <line>
      <![CDATA[<a href='D:\OneDrive - CACTUS\My Documents\GitHub\EditageInsights\POMExample\uiAutomation\src\main\java\com\test\automation\uiAutomation\failure_screenshots\validLoginCredentials_16_05_2017_05_41_11.png'> <img src='D:\OneDrive - CACTUS\My Documents\GitHub\EditageInsights\POMExample\uiAutomation\src\main\java\com\test\automation\uiAutomation\failure_screenshots\validLoginCredentials_16_05_2017_05_41_11.png'height='100' width='100'/> </a>]]>
    </line>
    <line>
      <![CDATA[<a href='D:\OneDrive - CACTUS\My Documents\GitHub\EditageInsights\POMExample\uiAutomation\src\main\java\com\test\automation\uiAutomation\screenshot\blank_16_05_2017_05_41_11.png'> <img src='D:\OneDrive - CACTUS\My Documents\GitHub\EditageInsights\POMExample\uiAutomation\src\main\java\com\test\automation\uiAutomation\screenshot\blank_16_05_2017_05_41_11.png'height='100' width='100'/> </a>]]>
    </line>
    <line>
      <![CDATA[Test started running:validLoginCredentials]]>
    </line>
    <line>
      <![CDATA[Test is failed:validLoginCredentials]]>
    </line>
    <line>
      <![CDATA[<a href='D:\OneDrive - CACTUS\My Documents\GitHub\EditageInsights\POMExample\uiAutomation\src\main\java\com\test\automation\uiAutomation\failure_screenshots\validLoginCredentials_16_05_2017_05_42_12.png'> <img src='D:\OneDrive - CACTUS\My Documents\GitHub\EditageInsights\POMExample\uiAutomation\src\main\java\com\test\automation\uiAutomation\failure_screenshots\validLoginCredentials_16_05_2017_05_42_12.png'height='100' width='100'/> </a>]]>
    </line>
    <line>
      <![CDATA[<a href='D:\OneDrive - CACTUS\My Documents\GitHub\EditageInsights\POMExample\uiAutomation\src\main\java\com\test\automation\uiAutomation\screenshot\blank_16_05_2017_05_42_12.png'> <img src='D:\OneDrive - CACTUS\My Documents\GitHub\EditageInsights\POMExample\uiAutomation\src\main\java\com\test\automation\uiAutomation\screenshot\blank_16_05_2017_05_42_12.png'height='100' width='100'/> </a>]]>
    </line>
    <line>
      <![CDATA[Test started running:validLoginCredentials]]>
    </line>
    <line>
      <![CDATA[Test is failed:validLoginCredentials]]>
    </line>
    <line>
      <![CDATA[<a href='D:\OneDrive - CACTUS\My Documents\GitHub\EditageInsights\POMExample\uiAutomation\src\main\java\com\test\automation\uiAutomation\failure_screenshots\validLoginCredentials_16_05_2017_05_43_12.png'> <img src='D:\OneDrive - CACTUS\My Documents\GitHub\EditageInsights\POMExample\uiAutomation\src\main\java\com\test\automation\uiAutomation\failure_screenshots\validLoginCredentials_16_05_2017_05_43_12.png'height='100' width='100'/> </a>]]>
    </line>
    <line>
      <![CDATA[<a href='D:\OneDrive - CACTUS\My Documents\GitHub\EditageInsights\POMExample\uiAutomation\src\main\java\com\test\automation\uiAutomation\screenshot\blank_16_05_2017_05_43_12.png'> <img src='D:\OneDrive - CACTUS\My Documents\GitHub\EditageInsights\POMExample\uiAutomation\src\main\java\com\test\automation\uiAutomation\screenshot\blank_16_05_2017_05_43_12.png'height='100' width='100'/> </a>]]>
    </line>
  </reporter-output>
  <suite name="Regression Suite" duration-ms="331218" started-at="2017-05-16T12:07:43Z" finished-at="2017-05-16T12:13:14Z">
    <groups>
    </groups>
    <test name="HomepageTest" duration-ms="331218" started-at="2017-05-16T12:07:43Z" finished-at="2017-05-16T12:13:14Z">
      <class name="com.test.automation.uiAutomation.homepage.TC_002VerifyLoginWithValidCredentials">
        <test-method status="PASS" signature="setup()[pri:0, instance:com.test.automation.uiAutomation.homepage.TC_002VerifyLoginWithValidCredentials@17550481]" name="setup" is-config="true" duration-ms="15029" started-at="2017-05-16T17:37:43Z" finished-at="2017-05-16T17:37:58Z">
          <reporter-output>
          </reporter-output>
        </test-method> <!-- setup -->
        <test-method status="PASS" signature="beforeMethod(java.lang.reflect.Method)[pri:0, instance:com.test.automation.uiAutomation.homepage.TC_002VerifyLoginWithValidCredentials@17550481]" name="beforeMethod" is-config="true" duration-ms="4" started-at="2017-05-16T17:37:58Z" finished-at="2017-05-16T17:37:58Z">
          <params>
            <param index="0">
              <value>
                <![CDATA[public void com.test.automation.uiAutomation.homepage.TC_002VerifyLoginWithValidCredentials.authenticatedUserSaveToLibrary() throws java.lang.InterruptedException,java.io.IOException]]>
              </value>
            </param>
          </params>
          <reporter-output>
          </reporter-output>
        </test-method> <!-- beforeMethod -->
        <test-method status="PASS" signature="authenticatedUserSaveToLibrary()[pri:0, instance:com.test.automation.uiAutomation.homepage.TC_002VerifyLoginWithValidCredentials@17550481]" name="authenticatedUserSaveToLibrary" duration-ms="72614" started-at="2017-05-16T17:37:58Z" finished-at="2017-05-16T17:39:10Z">
          <reporter-output>
            <line>
              <![CDATA[Test started running:authenticatedUserSaveToLibrary]]>
            </line>
            <line>
              <![CDATA[Test is success:authenticatedUserSaveToLibrary]]>
            </line>
            <line>
              <![CDATA[<a href='D:\OneDrive - CACTUS\My Documents\GitHub\EditageInsights\POMExample\uiAutomation\src\main\java\com\test\automation\uiAutomation\success_screenshots\authenticatedUserSaveToLibrary_16_05_2017_05_39_10.png'> <img src='D:\OneDrive - CACTUS\My Documents\GitHub\EditageInsights\POMExample\uiAutomation\src\main\java\com\test\automation\uiAutomation\success_screenshots\authenticatedUserSaveToLibrary_16_05_2017_05_39_10.png'height='100' width='100'/> </a>]]>
            </line>
          </reporter-output>
        </test-method> <!-- authenticatedUserSaveToLibrary -->
        <test-method status="PASS" signature="afterMethod(org.testng.ITestResult)[pri:0, instance:com.test.automation.uiAutomation.homepage.TC_002VerifyLoginWithValidCredentials@17550481]" name="afterMethod" is-config="true" duration-ms="1" started-at="2017-05-16T17:39:10Z" finished-at="2017-05-16T17:39:10Z">
          <params>
            <param index="0">
              <value>
                <![CDATA[[TestResult name=authenticatedUserSaveToLibrary status=SUCCESS method=TC_002VerifyLoginWithValidCredentials.authenticatedUserSaveToLibrary()[pri:0, instance:com.test.automation.uiAutomation.homepage.TC_002VerifyLoginWithValidCredentials@17550481] output=Test started running:authenticatedUserSaveToLibrary]]]>
              </value>
            </param>
          </params>
          <reporter-output>
          </reporter-output>
        </test-method> <!-- afterMethod -->
        <test-method status="PASS" signature="beforeMethod(java.lang.reflect.Method)[pri:0, instance:com.test.automation.uiAutomation.homepage.TC_002VerifyLoginWithValidCredentials@17550481]" name="beforeMethod" is-config="true" duration-ms="1" started-at="2017-05-16T17:39:11Z" finished-at="2017-05-16T17:39:11Z">
          <params>
            <param index="0">
              <value>
                <![CDATA[public void com.test.automation.uiAutomation.homepage.TC_002VerifyLoginWithValidCredentials.validLoginCredentials(java.lang.String,java.lang.String,java.lang.String) throws java.lang.InterruptedException,java.io.IOException]]>
              </value>
            </param>
          </params>
          <reporter-output>
          </reporter-output>
        </test-method> <!-- beforeMethod -->
        <test-method status="SKIP" signature="validLoginCredentials(java.lang.String, java.lang.String, java.lang.String)[pri:0, instance:com.test.automation.uiAutomation.homepage.TC_002VerifyLoginWithValidCredentials@17550481]" name="validLoginCredentials" duration-ms="60058" started-at="2017-05-16T17:39:11Z" data-provider="loginDataEmail" finished-at="2017-05-16T17:40:11Z">
          <params>
            <param index="0">
              <value>
                <![CDATA[authenticated-user-test@mailinator.com]]>
              </value>
            </param>
            <param index="1">
              <value>
                <![CDATA[authenticatedusertest]]>
              </value>
            </param>
            <param index="2">
              <value>
                <![CDATA[y]]>
              </value>
            </param>
          </params>
          <exception class="org.openqa.selenium.NoSuchElementException">
            <message>
              <![CDATA[no such element: Unable to locate element: {"method":"xpath","selector":"//div[@class='anonymous-login anonymous-text']/a"}
  (Session info: chrome=57.0.2987.133)
  (Driver info: chromedriver=2.29.461591 (62ebf098771772160f391d75e589dc567915b233),platform=Windows NT 10.0.14393 x86_64) (WARNING: The server did not provide any stacktrace information)
Command duration or timeout: 60.06 seconds
For documentation on this error, please visit: http://seleniumhq.org/exceptions/no_such_element.html
Build info: version: '3.3.1', revision: '5234b325d5', time: '2017-03-10 09:10:29 +0000'
System info: host: 'PRATIKS', ip: '10.105.2.74', os.name: 'Windows 10', os.arch: 'amd64', os.version: '10.0', java.version: '1.8.0_131'
Driver info: org.openqa.selenium.chrome.ChromeDriver
Capabilities [{applicationCacheEnabled=false, rotatable=false, mobileEmulationEnabled=false, networkConnectionEnabled=false, chrome={chromedriverVersion=2.29.461591 (62ebf098771772160f391d75e589dc567915b233), userDataDir=C:\Users\PRATIK~1.SID\AppData\Local\Temp\scoped_dir4872_29666}, takesHeapSnapshot=true, pageLoadStrategy=normal, databaseEnabled=false, handlesAlerts=true, hasTouchScreen=false, version=57.0.2987.133, platform=XP, browserConnectionEnabled=false, nativeEvents=true, acceptSslCerts=true, locationContextEnabled=true, webStorageEnabled=true, browserName=chrome, takesScreenshot=true, javascriptEnabled=true, cssSelectorsEnabled=true, unexpectedAlertBehaviour=}]
Session ID: 5e3ef088caa8014f8bdf5d4b9fef88de
*** Element info: {Using=xpath, value=//div[@class='anonymous-login anonymous-text']/a}]]>
            </message>
            <full-stacktrace>
              <![CDATA[org.openqa.selenium.NoSuchElementException: no such element: Unable to locate element: {"method":"xpath","selector":"//div[@class='anonymous-login anonymous-text']/a"}
  (Session info: chrome=57.0.2987.133)
  (Driver info: chromedriver=2.29.461591 (62ebf098771772160f391d75e589dc567915b233),platform=Windows NT 10.0.14393 x86_64) (WARNING: The server did not provide any stacktrace information)
Command duration or timeout: 60.06 seconds
For documentation on this error, please visit: http://seleniumhq.org/exceptions/no_such_element.html
Build info: version: '3.3.1', revision: '5234b325d5', time: '2017-03-10 09:10:29 +0000'
System info: host: 'PRATIKS', ip: '10.105.2.74', os.name: 'Windows 10', os.arch: 'amd64', os.version: '10.0', java.version: '1.8.0_131'
Driver info: org.openqa.selenium.chrome.ChromeDriver
Capabilities [{applicationCacheEnabled=false, rotatable=false, mobileEmulationEnabled=false, networkConnectionEnabled=false, chrome={chromedriverVersion=2.29.461591 (62ebf098771772160f391d75e589dc567915b233), userDataDir=C:\Users\PRATIK~1.SID\AppData\Local\Temp\scoped_dir4872_29666}, takesHeapSnapshot=true, pageLoadStrategy=normal, databaseEnabled=false, handlesAlerts=true, hasTouchScreen=false, version=57.0.2987.133, platform=XP, browserConnectionEnabled=false, nativeEvents=true, acceptSslCerts=true, locationContextEnabled=true, webStorageEnabled=true, browserName=chrome, takesScreenshot=true, javascriptEnabled=true, cssSelectorsEnabled=true, unexpectedAlertBehaviour=}]
Session ID: 5e3ef088caa8014f8bdf5d4b9fef88de
*** Element info: {Using=xpath, value=//div[@class='anonymous-login anonymous-text']/a}
	at sun.reflect.NativeConstructorAccessorImpl.newInstance0(Native Method)
	at sun.reflect.NativeConstructorAccessorImpl.newInstance(Unknown Source)
	at sun.reflect.DelegatingConstructorAccessorImpl.newInstance(Unknown Source)
	at java.lang.reflect.Constructor.newInstance(Unknown Source)
	at org.openqa.selenium.remote.ErrorHandler.createThrowable(ErrorHandler.java:216)
	at org.openqa.selenium.remote.ErrorHandler.throwIfResponseFailed(ErrorHandler.java:168)
	at org.openqa.selenium.remote.RemoteWebDriver.execute(RemoteWebDriver.java:638)
	at org.openqa.selenium.remote.RemoteWebDriver.findElement(RemoteWebDriver.java:371)
	at org.openqa.selenium.remote.RemoteWebDriver.findElementByXPath(RemoteWebDriver.java:476)
	at org.openqa.selenium.By$ByXPath.findElement(By.java:361)
	at org.openqa.selenium.remote.RemoteWebDriver.findElement(RemoteWebDriver.java:363)
	at org.openqa.selenium.support.pagefactory.DefaultElementLocator.findElement(DefaultElementLocator.java:69)
	at org.openqa.selenium.support.pagefactory.internal.LocatingElementHandler.invoke(LocatingElementHandler.java:38)
	at com.sun.proxy.$Proxy8.click(Unknown Source)
	at com.test.automation.uiAutomation.uiActions.Homepage.loginApplicationvalid(Homepage.java:134)
	at com.test.automation.uiAutomation.homepage.TC_002VerifyLoginWithValidCredentials.validLoginCredentials(TC_002VerifyLoginWithValidCredentials.java:43)
	at sun.reflect.NativeMethodAccessorImpl.invoke0(Native Method)
	at sun.reflect.NativeMethodAccessorImpl.invoke(Unknown Source)
	at sun.reflect.DelegatingMethodAccessorImpl.invoke(Unknown Source)
	at java.lang.reflect.Method.invoke(Unknown Source)
	at org.testng.internal.MethodInvocationHelper.invokeMethod(MethodInvocationHelper.java:104)
	at org.testng.internal.Invoker.invokeMethod(Invoker.java:645)
	at org.testng.internal.Invoker.invokeTestMethod(Invoker.java:851)
	at org.testng.internal.Invoker.invokeTestMethods(Invoker.java:1177)
	at org.testng.internal.TestMethodWorker.invokeTestMethods(TestMethodWorker.java:129)
	at org.testng.internal.TestMethodWorker.run(TestMethodWorker.java:112)
	at java.util.concurrent.ThreadPoolExecutor.runWorker(Unknown Source)
	at java.util.concurrent.ThreadPoolExecutor$Worker.run(Unknown Source)
	at java.lang.Thread.run(Unknown Source)
]]>
            </full-stacktrace>
          </exception> <!-- org.openqa.selenium.NoSuchElementException -->
          <reporter-output>
            <line>
              <![CDATA[Test started running:validLoginCredentials]]>
            </line>
            <line>
              <![CDATA[Test is skipped:validLoginCredentials]]>
            </line>
          </reporter-output>
        </test-method> <!-- validLoginCredentials -->
        <test-method status="PASS" signature="afterMethod(org.testng.ITestResult)[pri:0, instance:com.test.automation.uiAutomation.homepage.TC_002VerifyLoginWithValidCredentials@17550481]" name="afterMethod" is-config="true" duration-ms="1" started-at="2017-05-16T17:40:11Z" finished-at="2017-05-16T17:40:11Z">
          <params>
            <param index="0">
              <value>
                <![CDATA[[TestResult name=validLoginCredentials status=SKIP method=TC_002VerifyLoginWithValidCredentials.validLoginCredentials(java.lang.String, java.lang.String, java.lang.String)[pri:0, instance:com.test.automation.uiAutomation.homepage.TC_002VerifyLoginWithValidCredentials@17550481] output=Test started running:validLoginCredentials]]]>
              </value>
            </param>
          </params>
          <reporter-output>
          </reporter-output>
        </test-method> <!-- afterMethod -->
        <test-method status="PASS" signature="beforeMethod(java.lang.reflect.Method)[pri:0, instance:com.test.automation.uiAutomation.homepage.TC_002VerifyLoginWithValidCredentials@17550481]" name="beforeMethod" is-config="true" duration-ms="0" started-at="2017-05-16T17:40:11Z" finished-at="2017-05-16T17:40:11Z">
          <params>
            <param index="0">
              <value>
                <![CDATA[public void com.test.automation.uiAutomation.homepage.TC_002VerifyLoginWithValidCredentials.validLoginCredentials(java.lang.String,java.lang.String,java.lang.String) throws java.lang.InterruptedException,java.io.IOException]]>
              </value>
            </param>
          </params>
          <reporter-output>
          </reporter-output>
        </test-method> <!-- beforeMethod -->
        <test-method status="FAIL" signature="validLoginCredentials(java.lang.String, java.lang.String, java.lang.String)[pri:0, instance:com.test.automation.uiAutomation.homepage.TC_002VerifyLoginWithValidCredentials@17550481]" name="validLoginCredentials" duration-ms="60047" started-at="2017-05-16T17:40:11Z" data-provider="loginDataEmail" finished-at="2017-05-16T17:41:11Z">
          <params>
            <param index="0">
              <value>
                <![CDATA[authenticated-user-test@mailinator.com]]>
              </value>
            </param>
            <param index="1">
              <value>
                <![CDATA[authenticatedusertest]]>
              </value>
            </param>
            <param index="2">
              <value>
                <![CDATA[y]]>
              </value>
            </param>
          </params>
          <exception class="org.openqa.selenium.NoSuchElementException">
            <message>
              <![CDATA[no such element: Unable to locate element: {"method":"xpath","selector":"//div[@class='anonymous-login anonymous-text']/a"}
  (Session info: chrome=57.0.2987.133)
  (Driver info: chromedriver=2.29.461591 (62ebf098771772160f391d75e589dc567915b233),platform=Windows NT 10.0.14393 x86_64) (WARNING: The server did not provide any stacktrace information)
Command duration or timeout: 60.05 seconds
For documentation on this error, please visit: http://seleniumhq.org/exceptions/no_such_element.html
Build info: version: '3.3.1', revision: '5234b325d5', time: '2017-03-10 09:10:29 +0000'
System info: host: 'PRATIKS', ip: '10.105.2.74', os.name: 'Windows 10', os.arch: 'amd64', os.version: '10.0', java.version: '1.8.0_131'
Driver info: org.openqa.selenium.chrome.ChromeDriver
Capabilities [{applicationCacheEnabled=false, rotatable=false, mobileEmulationEnabled=false, networkConnectionEnabled=false, chrome={chromedriverVersion=2.29.461591 (62ebf098771772160f391d75e589dc567915b233), userDataDir=C:\Users\PRATIK~1.SID\AppData\Local\Temp\scoped_dir4872_29666}, takesHeapSnapshot=true, pageLoadStrategy=normal, databaseEnabled=false, handlesAlerts=true, hasTouchScreen=false, version=57.0.2987.133, platform=XP, browserConnectionEnabled=false, nativeEvents=true, acceptSslCerts=true, locationContextEnabled=true, webStorageEnabled=true, browserName=chrome, takesScreenshot=true, javascriptEnabled=true, cssSelectorsEnabled=true, unexpectedAlertBehaviour=}]
Session ID: 5e3ef088caa8014f8bdf5d4b9fef88de
*** Element info: {Using=xpath, value=//div[@class='anonymous-login anonymous-text']/a}]]>
            </message>
            <full-stacktrace>
              <![CDATA[org.openqa.selenium.NoSuchElementException: no such element: Unable to locate element: {"method":"xpath","selector":"//div[@class='anonymous-login anonymous-text']/a"}
  (Session info: chrome=57.0.2987.133)
  (Driver info: chromedriver=2.29.461591 (62ebf098771772160f391d75e589dc567915b233),platform=Windows NT 10.0.14393 x86_64) (WARNING: The server did not provide any stacktrace information)
Command duration or timeout: 60.05 seconds
For documentation on this error, please visit: http://seleniumhq.org/exceptions/no_such_element.html
Build info: version: '3.3.1', revision: '5234b325d5', time: '2017-03-10 09:10:29 +0000'
System info: host: 'PRATIKS', ip: '10.105.2.74', os.name: 'Windows 10', os.arch: 'amd64', os.version: '10.0', java.version: '1.8.0_131'
Driver info: org.openqa.selenium.chrome.ChromeDriver
Capabilities [{applicationCacheEnabled=false, rotatable=false, mobileEmulationEnabled=false, networkConnectionEnabled=false, chrome={chromedriverVersion=2.29.461591 (62ebf098771772160f391d75e589dc567915b233), userDataDir=C:\Users\PRATIK~1.SID\AppData\Local\Temp\scoped_dir4872_29666}, takesHeapSnapshot=true, pageLoadStrategy=normal, databaseEnabled=false, handlesAlerts=true, hasTouchScreen=false, version=57.0.2987.133, platform=XP, browserConnectionEnabled=false, nativeEvents=true, acceptSslCerts=true, locationContextEnabled=true, webStorageEnabled=true, browserName=chrome, takesScreenshot=true, javascriptEnabled=true, cssSelectorsEnabled=true, unexpectedAlertBehaviour=}]
Session ID: 5e3ef088caa8014f8bdf5d4b9fef88de
*** Element info: {Using=xpath, value=//div[@class='anonymous-login anonymous-text']/a}
	at sun.reflect.NativeConstructorAccessorImpl.newInstance0(Native Method)
	at sun.reflect.NativeConstructorAccessorImpl.newInstance(Unknown Source)
	at sun.reflect.DelegatingConstructorAccessorImpl.newInstance(Unknown Source)
	at java.lang.reflect.Constructor.newInstance(Unknown Source)
	at org.openqa.selenium.remote.ErrorHandler.createThrowable(ErrorHandler.java:216)
	at org.openqa.selenium.remote.ErrorHandler.throwIfResponseFailed(ErrorHandler.java:168)
	at org.openqa.selenium.remote.RemoteWebDriver.execute(RemoteWebDriver.java:638)
	at org.openqa.selenium.remote.RemoteWebDriver.findElement(RemoteWebDriver.java:371)
	at org.openqa.selenium.remote.RemoteWebDriver.findElementByXPath(RemoteWebDriver.java:476)
	at org.openqa.selenium.By$ByXPath.findElement(By.java:361)
	at org.openqa.selenium.remote.RemoteWebDriver.findElement(RemoteWebDriver.java:363)
	at org.openqa.selenium.support.pagefactory.DefaultElementLocator.findElement(DefaultElementLocator.java:69)
	at org.openqa.selenium.support.pagefactory.internal.LocatingElementHandler.invoke(LocatingElementHandler.java:38)
	at com.sun.proxy.$Proxy8.click(Unknown Source)
	at com.test.automation.uiAutomation.uiActions.Homepage.loginApplicationvalid(Homepage.java:134)
	at com.test.automation.uiAutomation.homepage.TC_002VerifyLoginWithValidCredentials.validLoginCredentials(TC_002VerifyLoginWithValidCredentials.java:43)
	at sun.reflect.NativeMethodAccessorImpl.invoke0(Native Method)
	at sun.reflect.NativeMethodAccessorImpl.invoke(Unknown Source)
	at sun.reflect.DelegatingMethodAccessorImpl.invoke(Unknown Source)
	at java.lang.reflect.Method.invoke(Unknown Source)
	at org.testng.internal.MethodInvocationHelper.invokeMethod(MethodInvocationHelper.java:104)
	at org.testng.internal.Invoker.invokeMethod(Invoker.java:645)
	at org.testng.internal.Invoker.retryFailed(Invoker.java:998)
	at org.testng.internal.Invoker.invokeTestMethods(Invoker.java:1200)
	at org.testng.internal.TestMethodWorker.invokeTestMethods(TestMethodWorker.java:129)
	at org.testng.internal.TestMethodWorker.run(TestMethodWorker.java:112)
	at java.util.concurrent.ThreadPoolExecutor.runWorker(Unknown Source)
	at java.util.concurrent.ThreadPoolExecutor$Worker.run(Unknown Source)
	at java.lang.Thread.run(Unknown Source)
]]>
            </full-stacktrace>
          </exception> <!-- org.openqa.selenium.NoSuchElementException -->
          <reporter-output>
            <line>
              <![CDATA[Test started running:validLoginCredentials]]>
            </line>
            <line>
              <![CDATA[Test is failed:validLoginCredentials]]>
            </line>
            <line>
              <![CDATA[<a href='D:\OneDrive - CACTUS\My Documents\GitHub\EditageInsights\POMExample\uiAutomation\src\main\java\com\test\automation\uiAutomation\failure_screenshots\validLoginCredentials_16_05_2017_05_41_11.png'> <img src='D:\OneDrive - CACTUS\My Documents\GitHub\EditageInsights\POMExample\uiAutomation\src\main\java\com\test\automation\uiAutomation\failure_screenshots\validLoginCredentials_16_05_2017_05_41_11.png'height='100' width='100'/> </a>]]>
            </line>
          </reporter-output>
        </test-method> <!-- validLoginCredentials -->
        <test-method status="PASS" signature="afterMethod(org.testng.ITestResult)[pri:0, instance:com.test.automation.uiAutomation.homepage.TC_002VerifyLoginWithValidCredentials@17550481]" name="afterMethod" is-config="true" duration-ms="150" started-at="2017-05-16T17:41:11Z" finished-at="2017-05-16T17:41:12Z">
          <params>
            <param index="0">
              <value>
                <![CDATA[[TestResult name=validLoginCredentials status=FAILURE method=TC_002VerifyLoginWithValidCredentials.validLoginCredentials(java.lang.String, java.lang.String, java.lang.String)[pri:0, instance:com.test.automation.uiAutomation.homepage.TC_002VerifyLoginWithValidCredentials@17550481] output=Test started running:validLoginCredentials]]]>
              </value>
            </param>
          </params>
          <reporter-output>
            <line>
              <![CDATA[<a href='D:\OneDrive - CACTUS\My Documents\GitHub\EditageInsights\POMExample\uiAutomation\src\main\java\com\test\automation\uiAutomation\screenshot\blank_16_05_2017_05_41_11.png'> <img src='D:\OneDrive - CACTUS\My Documents\GitHub\EditageInsights\POMExample\uiAutomation\src\main\java\com\test\automation\uiAutomation\screenshot\blank_16_05_2017_05_41_11.png'height='100' width='100'/> </a>]]>
            </line>
          </reporter-output>
        </test-method> <!-- afterMethod -->
        <test-method status="PASS" signature="beforeMethod(java.lang.reflect.Method)[pri:0, instance:com.test.automation.uiAutomation.homepage.TC_002VerifyLoginWithValidCredentials@17550481]" name="beforeMethod" is-config="true" duration-ms="0" started-at="2017-05-16T17:41:12Z" finished-at="2017-05-16T17:41:12Z">
          <params>
            <param index="0">
              <value>
                <![CDATA[public void com.test.automation.uiAutomation.homepage.TC_002VerifyLoginWithValidCredentials.validLoginCredentials(java.lang.String,java.lang.String,java.lang.String) throws java.lang.InterruptedException,java.io.IOException]]>
              </value>
            </param>
          </params>
          <reporter-output>
          </reporter-output>
        </test-method> <!-- beforeMethod -->
        <test-method status="FAIL" signature="validLoginCredentials(java.lang.String, java.lang.String, java.lang.String)[pri:0, instance:com.test.automation.uiAutomation.homepage.TC_002VerifyLoginWithValidCredentials@17550481]" name="validLoginCredentials" duration-ms="60058" started-at="2017-05-16T17:41:12Z" data-provider="loginDataEmail" finished-at="2017-05-16T17:42:12Z">
          <params>
            <param index="0">
              <value>
                <![CDATA[pratik.sidam@cactusglobal.com]]>
              </value>
            </param>
            <param index="1">
              <value>
                <![CDATA[pratik.sidam]]>
              </value>
            </param>
            <param index="2">
              <value>
                <![CDATA[y]]>
              </value>
            </param>
          </params>
          <exception class="org.openqa.selenium.NoSuchElementException">
            <message>
              <![CDATA[no such element: Unable to locate element: {"method":"xpath","selector":"//div[@class='anonymous-login anonymous-text']/a"}
  (Session info: chrome=57.0.2987.133)
  (Driver info: chromedriver=2.29.461591 (62ebf098771772160f391d75e589dc567915b233),platform=Windows NT 10.0.14393 x86_64) (WARNING: The server did not provide any stacktrace information)
Command duration or timeout: 60.06 seconds
For documentation on this error, please visit: http://seleniumhq.org/exceptions/no_such_element.html
Build info: version: '3.3.1', revision: '5234b325d5', time: '2017-03-10 09:10:29 +0000'
System info: host: 'PRATIKS', ip: '10.105.2.74', os.name: 'Windows 10', os.arch: 'amd64', os.version: '10.0', java.version: '1.8.0_131'
Driver info: org.openqa.selenium.chrome.ChromeDriver
Capabilities [{applicationCacheEnabled=false, rotatable=false, mobileEmulationEnabled=false, networkConnectionEnabled=false, chrome={chromedriverVersion=2.29.461591 (62ebf098771772160f391d75e589dc567915b233), userDataDir=C:\Users\PRATIK~1.SID\AppData\Local\Temp\scoped_dir4872_29666}, takesHeapSnapshot=true, pageLoadStrategy=normal, databaseEnabled=false, handlesAlerts=true, hasTouchScreen=false, version=57.0.2987.133, platform=XP, browserConnectionEnabled=false, nativeEvents=true, acceptSslCerts=true, locationContextEnabled=true, webStorageEnabled=true, browserName=chrome, takesScreenshot=true, javascriptEnabled=true, cssSelectorsEnabled=true, unexpectedAlertBehaviour=}]
Session ID: 5e3ef088caa8014f8bdf5d4b9fef88de
*** Element info: {Using=xpath, value=//div[@class='anonymous-login anonymous-text']/a}]]>
            </message>
            <full-stacktrace>
              <![CDATA[org.openqa.selenium.NoSuchElementException: no such element: Unable to locate element: {"method":"xpath","selector":"//div[@class='anonymous-login anonymous-text']/a"}
  (Session info: chrome=57.0.2987.133)
  (Driver info: chromedriver=2.29.461591 (62ebf098771772160f391d75e589dc567915b233),platform=Windows NT 10.0.14393 x86_64) (WARNING: The server did not provide any stacktrace information)
Command duration or timeout: 60.06 seconds
For documentation on this error, please visit: http://seleniumhq.org/exceptions/no_such_element.html
Build info: version: '3.3.1', revision: '5234b325d5', time: '2017-03-10 09:10:29 +0000'
System info: host: 'PRATIKS', ip: '10.105.2.74', os.name: 'Windows 10', os.arch: 'amd64', os.version: '10.0', java.version: '1.8.0_131'
Driver info: org.openqa.selenium.chrome.ChromeDriver
Capabilities [{applicationCacheEnabled=false, rotatable=false, mobileEmulationEnabled=false, networkConnectionEnabled=false, chrome={chromedriverVersion=2.29.461591 (62ebf098771772160f391d75e589dc567915b233), userDataDir=C:\Users\PRATIK~1.SID\AppData\Local\Temp\scoped_dir4872_29666}, takesHeapSnapshot=true, pageLoadStrategy=normal, databaseEnabled=false, handlesAlerts=true, hasTouchScreen=false, version=57.0.2987.133, platform=XP, browserConnectionEnabled=false, nativeEvents=true, acceptSslCerts=true, locationContextEnabled=true, webStorageEnabled=true, browserName=chrome, takesScreenshot=true, javascriptEnabled=true, cssSelectorsEnabled=true, unexpectedAlertBehaviour=}]
Session ID: 5e3ef088caa8014f8bdf5d4b9fef88de
*** Element info: {Using=xpath, value=//div[@class='anonymous-login anonymous-text']/a}
	at sun.reflect.NativeConstructorAccessorImpl.newInstance0(Native Method)
	at sun.reflect.NativeConstructorAccessorImpl.newInstance(Unknown Source)
	at sun.reflect.DelegatingConstructorAccessorImpl.newInstance(Unknown Source)
	at java.lang.reflect.Constructor.newInstance(Unknown Source)
	at org.openqa.selenium.remote.ErrorHandler.createThrowable(ErrorHandler.java:216)
	at org.openqa.selenium.remote.ErrorHandler.throwIfResponseFailed(ErrorHandler.java:168)
	at org.openqa.selenium.remote.RemoteWebDriver.execute(RemoteWebDriver.java:638)
	at org.openqa.selenium.remote.RemoteWebDriver.findElement(RemoteWebDriver.java:371)
	at org.openqa.selenium.remote.RemoteWebDriver.findElementByXPath(RemoteWebDriver.java:476)
	at org.openqa.selenium.By$ByXPath.findElement(By.java:361)
	at org.openqa.selenium.remote.RemoteWebDriver.findElement(RemoteWebDriver.java:363)
	at org.openqa.selenium.support.pagefactory.DefaultElementLocator.findElement(DefaultElementLocator.java:69)
	at org.openqa.selenium.support.pagefactory.internal.LocatingElementHandler.invoke(LocatingElementHandler.java:38)
	at com.sun.proxy.$Proxy8.click(Unknown Source)
	at com.test.automation.uiAutomation.uiActions.Homepage.loginApplicationvalid(Homepage.java:134)
	at com.test.automation.uiAutomation.homepage.TC_002VerifyLoginWithValidCredentials.validLoginCredentials(TC_002VerifyLoginWithValidCredentials.java:43)
	at sun.reflect.NativeMethodAccessorImpl.invoke0(Native Method)
	at sun.reflect.NativeMethodAccessorImpl.invoke(Unknown Source)
	at sun.reflect.DelegatingMethodAccessorImpl.invoke(Unknown Source)
	at java.lang.reflect.Method.invoke(Unknown Source)
	at org.testng.internal.MethodInvocationHelper.invokeMethod(MethodInvocationHelper.java:104)
	at org.testng.internal.Invoker.invokeMethod(Invoker.java:645)
	at org.testng.internal.Invoker.invokeTestMethod(Invoker.java:851)
	at org.testng.internal.Invoker.invokeTestMethods(Invoker.java:1177)
	at org.testng.internal.TestMethodWorker.invokeTestMethods(TestMethodWorker.java:129)
	at org.testng.internal.TestMethodWorker.run(TestMethodWorker.java:112)
	at java.util.concurrent.ThreadPoolExecutor.runWorker(Unknown Source)
	at java.util.concurrent.ThreadPoolExecutor$Worker.run(Unknown Source)
	at java.lang.Thread.run(Unknown Source)
]]>
            </full-stacktrace>
          </exception> <!-- org.openqa.selenium.NoSuchElementException -->
          <reporter-output>
            <line>
              <![CDATA[Test started running:validLoginCredentials]]>
            </line>
            <line>
              <![CDATA[Test is failed:validLoginCredentials]]>
            </line>
            <line>
              <![CDATA[<a href='D:\OneDrive - CACTUS\My Documents\GitHub\EditageInsights\POMExample\uiAutomation\src\main\java\com\test\automation\uiAutomation\failure_screenshots\validLoginCredentials_16_05_2017_05_42_12.png'> <img src='D:\OneDrive - CACTUS\My Documents\GitHub\EditageInsights\POMExample\uiAutomation\src\main\java\com\test\automation\uiAutomation\failure_screenshots\validLoginCredentials_16_05_2017_05_42_12.png'height='100' width='100'/> </a>]]>
            </line>
          </reporter-output>
        </test-method> <!-- validLoginCredentials -->
        <test-method status="PASS" signature="afterMethod(org.testng.ITestResult)[pri:0, instance:com.test.automation.uiAutomation.homepage.TC_002VerifyLoginWithValidCredentials@17550481]" name="afterMethod" is-config="true" duration-ms="161" started-at="2017-05-16T17:42:12Z" finished-at="2017-05-16T17:42:12Z">
          <params>
            <param index="0">
              <value>
                <![CDATA[[TestResult name=validLoginCredentials status=FAILURE method=TC_002VerifyLoginWithValidCredentials.validLoginCredentials(java.lang.String, java.lang.String, java.lang.String)[pri:0, instance:com.test.automation.uiAutomation.homepage.TC_002VerifyLoginWithValidCredentials@17550481] output=Test started running:validLoginCredentials]]]>
              </value>
            </param>
          </params>
          <reporter-output>
            <line>
              <![CDATA[<a href='D:\OneDrive - CACTUS\My Documents\GitHub\EditageInsights\POMExample\uiAutomation\src\main\java\com\test\automation\uiAutomation\screenshot\blank_16_05_2017_05_42_12.png'> <img src='D:\OneDrive - CACTUS\My Documents\GitHub\EditageInsights\POMExample\uiAutomation\src\main\java\com\test\automation\uiAutomation\screenshot\blank_16_05_2017_05_42_12.png'height='100' width='100'/> </a>]]>
            </line>
          </reporter-output>
        </test-method> <!-- afterMethod -->
        <test-method status="FAIL" signature="validLoginCredentials(java.lang.String, java.lang.String, java.lang.String)[pri:0, instance:com.test.automation.uiAutomation.homepage.TC_002VerifyLoginWithValidCredentials@17550481]" name="validLoginCredentials" duration-ms="60039" started-at="2017-05-16T17:42:12Z" data-provider="loginDataEmail" finished-at="2017-05-16T17:43:12Z">
          <params>
            <param index="0">
              <value>
                <![CDATA[pratik.sidam@cactusglobal.com]]>
              </value>
            </param>
            <param index="1">
              <value>
                <![CDATA[pratik.sidam]]>
              </value>
            </param>
            <param index="2">
              <value>
                <![CDATA[y]]>
              </value>
            </param>
          </params>
          <exception class="org.openqa.selenium.NoSuchElementException">
            <message>
              <![CDATA[no such element: Unable to locate element: {"method":"xpath","selector":"//div[@class='anonymous-login anonymous-text']/a"}
  (Session info: chrome=57.0.2987.133)
  (Driver info: chromedriver=2.29.461591 (62ebf098771772160f391d75e589dc567915b233),platform=Windows NT 10.0.14393 x86_64) (WARNING: The server did not provide any stacktrace information)
Command duration or timeout: 60.04 seconds
For documentation on this error, please visit: http://seleniumhq.org/exceptions/no_such_element.html
Build info: version: '3.3.1', revision: '5234b325d5', time: '2017-03-10 09:10:29 +0000'
System info: host: 'PRATIKS', ip: '10.105.2.74', os.name: 'Windows 10', os.arch: 'amd64', os.version: '10.0', java.version: '1.8.0_131'
Driver info: org.openqa.selenium.chrome.ChromeDriver
Capabilities [{applicationCacheEnabled=false, rotatable=false, mobileEmulationEnabled=false, networkConnectionEnabled=false, chrome={chromedriverVersion=2.29.461591 (62ebf098771772160f391d75e589dc567915b233), userDataDir=C:\Users\PRATIK~1.SID\AppData\Local\Temp\scoped_dir4872_29666}, takesHeapSnapshot=true, pageLoadStrategy=normal, databaseEnabled=false, handlesAlerts=true, hasTouchScreen=false, version=57.0.2987.133, platform=XP, browserConnectionEnabled=false, nativeEvents=true, acceptSslCerts=true, locationContextEnabled=true, webStorageEnabled=true, browserName=chrome, takesScreenshot=true, javascriptEnabled=true, cssSelectorsEnabled=true, unexpectedAlertBehaviour=}]
Session ID: 5e3ef088caa8014f8bdf5d4b9fef88de
*** Element info: {Using=xpath, value=//div[@class='anonymous-login anonymous-text']/a}]]>
            </message>
            <full-stacktrace>
              <![CDATA[org.openqa.selenium.NoSuchElementException: no such element: Unable to locate element: {"method":"xpath","selector":"//div[@class='anonymous-login anonymous-text']/a"}
  (Session info: chrome=57.0.2987.133)
  (Driver info: chromedriver=2.29.461591 (62ebf098771772160f391d75e589dc567915b233),platform=Windows NT 10.0.14393 x86_64) (WARNING: The server did not provide any stacktrace information)
Command duration or timeout: 60.04 seconds
For documentation on this error, please visit: http://seleniumhq.org/exceptions/no_such_element.html
Build info: version: '3.3.1', revision: '5234b325d5', time: '2017-03-10 09:10:29 +0000'
System info: host: 'PRATIKS', ip: '10.105.2.74', os.name: 'Windows 10', os.arch: 'amd64', os.version: '10.0', java.version: '1.8.0_131'
Driver info: org.openqa.selenium.chrome.ChromeDriver
Capabilities [{applicationCacheEnabled=false, rotatable=false, mobileEmulationEnabled=false, networkConnectionEnabled=false, chrome={chromedriverVersion=2.29.461591 (62ebf098771772160f391d75e589dc567915b233), userDataDir=C:\Users\PRATIK~1.SID\AppData\Local\Temp\scoped_dir4872_29666}, takesHeapSnapshot=true, pageLoadStrategy=normal, databaseEnabled=false, handlesAlerts=true, hasTouchScreen=false, version=57.0.2987.133, platform=XP, browserConnectionEnabled=false, nativeEvents=true, acceptSslCerts=true, locationContextEnabled=true, webStorageEnabled=true, browserName=chrome, takesScreenshot=true, javascriptEnabled=true, cssSelectorsEnabled=true, unexpectedAlertBehaviour=}]
Session ID: 5e3ef088caa8014f8bdf5d4b9fef88de
*** Element info: {Using=xpath, value=//div[@class='anonymous-login anonymous-text']/a}
	at sun.reflect.NativeConstructorAccessorImpl.newInstance0(Native Method)
	at sun.reflect.NativeConstructorAccessorImpl.newInstance(Unknown Source)
	at sun.reflect.DelegatingConstructorAccessorImpl.newInstance(Unknown Source)
	at java.lang.reflect.Constructor.newInstance(Unknown Source)
	at org.openqa.selenium.remote.ErrorHandler.createThrowable(ErrorHandler.java:216)
	at org.openqa.selenium.remote.ErrorHandler.throwIfResponseFailed(ErrorHandler.java:168)
	at org.openqa.selenium.remote.RemoteWebDriver.execute(RemoteWebDriver.java:638)
	at org.openqa.selenium.remote.RemoteWebDriver.findElement(RemoteWebDriver.java:371)
	at org.openqa.selenium.remote.RemoteWebDriver.findElementByXPath(RemoteWebDriver.java:476)
	at org.openqa.selenium.By$ByXPath.findElement(By.java:361)
	at org.openqa.selenium.remote.RemoteWebDriver.findElement(RemoteWebDriver.java:363)
	at org.openqa.selenium.support.pagefactory.DefaultElementLocator.findElement(DefaultElementLocator.java:69)
	at org.openqa.selenium.support.pagefactory.internal.LocatingElementHandler.invoke(LocatingElementHandler.java:38)
	at com.sun.proxy.$Proxy8.click(Unknown Source)
	at com.test.automation.uiAutomation.uiActions.Homepage.loginApplicationvalid(Homepage.java:134)
	at com.test.automation.uiAutomation.homepage.TC_002VerifyLoginWithValidCredentials.validLoginCredentials(TC_002VerifyLoginWithValidCredentials.java:43)
	at sun.reflect.NativeMethodAccessorImpl.invoke0(Native Method)
	at sun.reflect.NativeMethodAccessorImpl.invoke(Unknown Source)
	at sun.reflect.DelegatingMethodAccessorImpl.invoke(Unknown Source)
	at java.lang.reflect.Method.invoke(Unknown Source)
	at org.testng.internal.MethodInvocationHelper.invokeMethod(MethodInvocationHelper.java:104)
	at org.testng.internal.Invoker.invokeMethod(Invoker.java:645)
	at org.testng.internal.Invoker.retryFailed(Invoker.java:998)
	at org.testng.internal.Invoker.invokeTestMethods(Invoker.java:1200)
	at org.testng.internal.TestMethodWorker.invokeTestMethods(TestMethodWorker.java:129)
	at org.testng.internal.TestMethodWorker.run(TestMethodWorker.java:112)
	at java.util.concurrent.ThreadPoolExecutor.runWorker(Unknown Source)
	at java.util.concurrent.ThreadPoolExecutor$Worker.run(Unknown Source)
	at java.lang.Thread.run(Unknown Source)
]]>
            </full-stacktrace>
          </exception> <!-- org.openqa.selenium.NoSuchElementException -->
          <reporter-output>
            <line>
              <![CDATA[Test started running:validLoginCredentials]]>
            </line>
            <line>
              <![CDATA[Test is failed:validLoginCredentials]]>
            </line>
            <line>
              <![CDATA[<a href='D:\OneDrive - CACTUS\My Documents\GitHub\EditageInsights\POMExample\uiAutomation\src\main\java\com\test\automation\uiAutomation\failure_screenshots\validLoginCredentials_16_05_2017_05_43_12.png'> <img src='D:\OneDrive - CACTUS\My Documents\GitHub\EditageInsights\POMExample\uiAutomation\src\main\java\com\test\automation\uiAutomation\failure_screenshots\validLoginCredentials_16_05_2017_05_43_12.png'height='100' width='100'/> </a>]]>
            </line>
          </reporter-output>
        </test-method> <!-- validLoginCredentials -->
        <test-method status="PASS" signature="beforeMethod(java.lang.reflect.Method)[pri:0, instance:com.test.automation.uiAutomation.homepage.TC_002VerifyLoginWithValidCredentials@17550481]" name="beforeMethod" is-config="true" duration-ms="0" started-at="2017-05-16T17:42:12Z" finished-at="2017-05-16T17:42:12Z">
          <params>
            <param index="0">
              <value>
                <![CDATA[public void com.test.automation.uiAutomation.homepage.TC_002VerifyLoginWithValidCredentials.validLoginCredentials(java.lang.String,java.lang.String,java.lang.String) throws java.lang.InterruptedException,java.io.IOException]]>
              </value>
            </param>
          </params>
          <reporter-output>
          </reporter-output>
        </test-method> <!-- beforeMethod -->
        <test-method status="PASS" signature="afterMethod(org.testng.ITestResult)[pri:0, instance:com.test.automation.uiAutomation.homepage.TC_002VerifyLoginWithValidCredentials@17550481]" name="afterMethod" is-config="true" duration-ms="162" started-at="2017-05-16T17:43:12Z" finished-at="2017-05-16T17:43:12Z">
          <params>
            <param index="0">
              <value>
                <![CDATA[[TestResult name=validLoginCredentials status=FAILURE method=TC_002VerifyLoginWithValidCredentials.validLoginCredentials(java.lang.String, java.lang.String, java.lang.String)[pri:0, instance:com.test.automation.uiAutomation.homepage.TC_002VerifyLoginWithValidCredentials@17550481] output=Test started running:validLoginCredentials]]]>
              </value>
            </param>
          </params>
          <reporter-output>
            <line>
              <![CDATA[<a href='D:\OneDrive - CACTUS\My Documents\GitHub\EditageInsights\POMExample\uiAutomation\src\main\java\com\test\automation\uiAutomation\screenshot\blank_16_05_2017_05_43_12.png'> <img src='D:\OneDrive - CACTUS\My Documents\GitHub\EditageInsights\POMExample\uiAutomation\src\main\java\com\test\automation\uiAutomation\screenshot\blank_16_05_2017_05_43_12.png'height='100' width='100'/> </a>]]>
            </line>
          </reporter-output>
        </test-method> <!-- afterMethod -->
        <test-method status="PASS" signature="endTest()[pri:0, instance:com.test.automation.uiAutomation.homepage.TC_002VerifyLoginWithValidCredentials@17550481]" name="endTest" is-config="true" duration-ms="1383" started-at="2017-05-16T17:43:12Z" finished-at="2017-05-16T17:43:14Z">
          <reporter-output>
          </reporter-output>
        </test-method> <!-- endTest -->
      </class> <!-- com.test.automation.uiAutomation.homepage.TC_002VerifyLoginWithValidCredentials -->
    </test> <!-- HomepageTest -->
  </suite> <!-- Regression Suite -->
</testng-results>
